CRITICAL - 2023-06-27 02:07:11 --> Undefined array key "NamaLengkap"
in APPPATH\Views\dashboard\profile.php on line 136.
 1 APPPATH\Views\dashboard\profile.php(136): CodeIgniter\Debug\Exceptions->errorHandler(2, 'Undefined array key "NamaLengkap"', 'C:\\xampp\\htdocs\\mli-go-main\\app\\Views\\dashboard\\profile.php', 136)
 2 SYSTEMPATH\View\View.php(213): include('C:\\xampp\\htdocs\\mli-go-main\\app\\Views\\dashboard\\profile.php')
 3 SYSTEMPATH\View\View.php(216): CodeIgniter\View\View->CodeIgniter\View\{closure}()
 4 SYSTEMPATH\Common.php(1184): CodeIgniter\View\View->render('dashboard/profile', [], true)
 5 APPPATH\Controllers\Dashboard.php(43): view('dashboard/profile', [...])
 6 SYSTEMPATH\CodeIgniter.php(934): App\Controllers\Dashboard->profile()
 7 SYSTEMPATH\CodeIgniter.php(499): CodeIgniter\CodeIgniter->runController(Object(App\Controllers\Dashboard))
 8 SYSTEMPATH\CodeIgniter.php(368): CodeIgniter\CodeIgniter->handleRequest(null, Object(Config\Cache), false)
 9 FCPATH\index.php(67): CodeIgniter\CodeIgniter->run()
10 SYSTEMPATH\Commands\Server\rewrite.php(47): require_once('C:\\xampp\\htdocs\\mli-go-main\\public\\index.php')
CRITICAL - 2023-06-27 02:10:24 --> Undefined variable $user
in APPPATH\Views\dashboardpenjual\profile.php on line 21.
 1 APPPATH\Views\dashboardpenjual\profile.php(21): CodeIgniter\Debug\Exceptions->errorHandler(2, 'Undefined variable $user', 'C:\\xampp\\htdocs\\mli-go-main\\app\\Views\\dashboardpenjual\\profile.php', 21)
 2 SYSTEMPATH\View\View.php(213): include('C:\\xampp\\htdocs\\mli-go-main\\app\\Views\\dashboardpenjual\\profile.php')
 3 SYSTEMPATH\View\View.php(216): CodeIgniter\View\View->CodeIgniter\View\{closure}()
 4 SYSTEMPATH\Common.php(1184): CodeIgniter\View\View->render('dashboardpenjual/profile', [], true)
 5 APPPATH\Controllers\Dashboardpenjual.php(27): view('dashboardpenjual/profile')
 6 SYSTEMPATH\CodeIgniter.php(934): App\Controllers\Dashboardpenjual->profilepenjual()
 7 SYSTEMPATH\CodeIgniter.php(499): CodeIgniter\CodeIgniter->runController(Object(App\Controllers\Dashboardpenjual))
 8 SYSTEMPATH\CodeIgniter.php(368): CodeIgniter\CodeIgniter->handleRequest(null, Object(Config\Cache), false)
 9 FCPATH\index.php(67): CodeIgniter\CodeIgniter->run()
10 SYSTEMPATH\Commands\Server\rewrite.php(47): require_once('C:\\xampp\\htdocs\\mli-go-main\\public\\index.php')
CRITICAL - 2023-06-27 02:18:12 --> Undefined array key "NamaLengkap"
in APPPATH\Views\dashboard\profile.php on line 136.
 1 APPPATH\Views\dashboard\profile.php(136): CodeIgniter\Debug\Exceptions->errorHandler(2, 'Undefined array key "NamaLengkap"', 'C:\\xampp\\htdocs\\mli-go-main\\app\\Views\\dashboard\\profile.php', 136)
 2 SYSTEMPATH\View\View.php(213): include('C:\\xampp\\htdocs\\mli-go-main\\app\\Views\\dashboard\\profile.php')
 3 SYSTEMPATH\View\View.php(216): CodeIgniter\View\View->CodeIgniter\View\{closure}()
 4 SYSTEMPATH\Common.php(1184): CodeIgniter\View\View->render('dashboard/profile', [], true)
 5 APPPATH\Controllers\Dashboard.php(43): view('dashboard/profile', [...])
 6 SYSTEMPATH\CodeIgniter.php(934): App\Controllers\Dashboard->profile()
 7 SYSTEMPATH\CodeIgniter.php(499): CodeIgniter\CodeIgniter->runController(Object(App\Controllers\Dashboard))
 8 SYSTEMPATH\CodeIgniter.php(368): CodeIgniter\CodeIgniter->handleRequest(null, Object(Config\Cache), false)
 9 FCPATH\index.php(67): CodeIgniter\CodeIgniter->run()
10 SYSTEMPATH\Commands\Server\rewrite.php(47): require_once('C:\\xampp\\htdocs\\mli-go-main\\public\\index.php')
CRITICAL - 2023-06-27 02:25:07 --> Undefined variable $user
in APPPATH\Views\dashboardpenjual\profile.php on line 21.
 1 APPPATH\Views\dashboardpenjual\profile.php(21): CodeIgniter\Debug\Exceptions->errorHandler(2, 'Undefined variable $user', 'C:\\xampp\\htdocs\\mli-go-main\\app\\Views\\dashboardpenjual\\profile.php', 21)
 2 SYSTEMPATH\View\View.php(213): include('C:\\xampp\\htdocs\\mli-go-main\\app\\Views\\dashboardpenjual\\profile.php')
 3 SYSTEMPATH\View\View.php(216): CodeIgniter\View\View->CodeIgniter\View\{closure}()
 4 SYSTEMPATH\Common.php(1184): CodeIgniter\View\View->render('dashboardpenjual/profile', [], true)
 5 APPPATH\Controllers\Dashboardpenjual.php(27): view('dashboardpenjual/profile')
 6 SYSTEMPATH\CodeIgniter.php(934): App\Controllers\Dashboardpenjual->profilepenjual()
 7 SYSTEMPATH\CodeIgniter.php(499): CodeIgniter\CodeIgniter->runController(Object(App\Controllers\Dashboardpenjual))
 8 SYSTEMPATH\CodeIgniter.php(368): CodeIgniter\CodeIgniter->handleRequest(null, Object(Config\Cache), false)
 9 FCPATH\index.php(67): CodeIgniter\CodeIgniter->run()
10 SYSTEMPATH\Commands\Server\rewrite.php(47): require_once('C:\\xampp\\htdocs\\mli-go-main\\public\\index.php')
CRITICAL - 2023-06-27 03:16:19 --> Undefined variable $produk
in APPPATH\Views\dashboardpenjual\product.php on line 23.
 1 APPPATH\Views\dashboardpenjual\product.php(23): CodeIgniter\Debug\Exceptions->errorHandler(2, 'Undefined variable $produk', 'C:\\xampp\\htdocs\\mli-go-main\\app\\Views\\dashboardpenjual\\product.php', 23)
 2 SYSTEMPATH\View\View.php(213): include('C:\\xampp\\htdocs\\mli-go-main\\app\\Views\\dashboardpenjual\\product.php')
 3 SYSTEMPATH\View\View.php(216): CodeIgniter\View\View->CodeIgniter\View\{closure}()
 4 SYSTEMPATH\Common.php(1184): CodeIgniter\View\View->render('dashboardpenjual/product', [], true)
 5 APPPATH\Controllers\Dashboardpenjual.php(38): view('dashboardpenjual/product')
 6 SYSTEMPATH\CodeIgniter.php(934): App\Controllers\Dashboardpenjual->productpenjual()
 7 SYSTEMPATH\CodeIgniter.php(499): CodeIgniter\CodeIgniter->runController(Object(App\Controllers\Dashboardpenjual))
 8 SYSTEMPATH\CodeIgniter.php(368): CodeIgniter\CodeIgniter->handleRequest(null, Object(Config\Cache), false)
 9 FCPATH\index.php(67): CodeIgniter\CodeIgniter->run()
10 SYSTEMPATH\Commands\Server\rewrite.php(47): require_once('C:\\xampp\\htdocs\\mli-go-main\\public\\index.php')
CRITICAL - 2023-06-27 03:26:59 --> Undefined variable $result
in APPPATH\Views\dashboardpenjual\product.php on line 122.
 1 APPPATH\Views\dashboardpenjual\product.php(122): CodeIgniter\Debug\Exceptions->errorHandler(2, 'Undefined variable $result', 'C:\\xampp\\htdocs\\mli-go-main\\app\\Views\\dashboardpenjual\\product.php', 122)
 2 SYSTEMPATH\View\View.php(213): include('C:\\xampp\\htdocs\\mli-go-main\\app\\Views\\dashboardpenjual\\product.php')
 3 SYSTEMPATH\View\View.php(216): CodeIgniter\View\View->CodeIgniter\View\{closure}()
 4 SYSTEMPATH\Common.php(1184): CodeIgniter\View\View->render('dashboardpenjual/product', [], true)
 5 APPPATH\Controllers\Dashboardpenjual.php(38): view('dashboardpenjual/product')
 6 SYSTEMPATH\CodeIgniter.php(934): App\Controllers\Dashboardpenjual->productpenjual()
 7 SYSTEMPATH\CodeIgniter.php(499): CodeIgniter\CodeIgniter->runController(Object(App\Controllers\Dashboardpenjual))
 8 SYSTEMPATH\CodeIgniter.php(368): CodeIgniter\CodeIgniter->handleRequest(null, Object(Config\Cache), false)
 9 FCPATH\index.php(67): CodeIgniter\CodeIgniter->run()
10 SYSTEMPATH\Commands\Server\rewrite.php(47): require_once('C:\\xampp\\htdocs\\mli-go-main\\public\\index.php')
CRITICAL - 2023-06-27 03:27:10 --> Undefined variable $result
in APPPATH\Views\dashboardpenjual\product.php on line 122.
 1 APPPATH\Views\dashboardpenjual\product.php(122): CodeIgniter\Debug\Exceptions->errorHandler(2, 'Undefined variable $result', 'C:\\xampp\\htdocs\\mli-go-main\\app\\Views\\dashboardpenjual\\product.php', 122)
 2 SYSTEMPATH\View\View.php(213): include('C:\\xampp\\htdocs\\mli-go-main\\app\\Views\\dashboardpenjual\\product.php')
 3 SYSTEMPATH\View\View.php(216): CodeIgniter\View\View->CodeIgniter\View\{closure}()
 4 SYSTEMPATH\Common.php(1184): CodeIgniter\View\View->render('dashboardpenjual/product', [], true)
 5 APPPATH\Controllers\Dashboardpenjual.php(38): view('dashboardpenjual/product')
 6 SYSTEMPATH\CodeIgniter.php(934): App\Controllers\Dashboardpenjual->productpenjual()
 7 SYSTEMPATH\CodeIgniter.php(499): CodeIgniter\CodeIgniter->runController(Object(App\Controllers\Dashboardpenjual))
 8 SYSTEMPATH\CodeIgniter.php(368): CodeIgniter\CodeIgniter->handleRequest(null, Object(Config\Cache), false)
 9 FCPATH\index.php(67): CodeIgniter\CodeIgniter->run()
10 SYSTEMPATH\Commands\Server\rewrite.php(47): require_once('C:\\xampp\\htdocs\\mli-go-main\\public\\index.php')
CRITICAL - 2023-06-27 03:46:34 --> Unknown database 'nama_database'
in APPPATH\Views\dashboardpenjual\product.php on line 7.
 1 APPPATH\Views\dashboardpenjual\product.php(7): mysqli->__construct('localhost', 'root', Object(SensitiveParameterValue), 'nama_database')
 2 SYSTEMPATH\View\View.php(213): include('C:\\xampp\\htdocs\\mli-go-main\\app\\Views\\dashboardpenjual\\product.php')
 3 SYSTEMPATH\View\View.php(216): CodeIgniter\View\View->CodeIgniter\View\{closure}()
 4 SYSTEMPATH\Common.php(1184): CodeIgniter\View\View->render('dashboardpenjual/product', [], true)
 5 APPPATH\Controllers\Dashboardpenjual.php(38): view('dashboardpenjual/product')
 6 SYSTEMPATH\CodeIgniter.php(934): App\Controllers\Dashboardpenjual->productpenjual()
 7 SYSTEMPATH\CodeIgniter.php(499): CodeIgniter\CodeIgniter->runController(Object(App\Controllers\Dashboardpenjual))
 8 SYSTEMPATH\CodeIgniter.php(368): CodeIgniter\CodeIgniter->handleRequest(null, Object(Config\Cache), false)
 9 FCPATH\index.php(67): CodeIgniter\CodeIgniter->run()
10 SYSTEMPATH\Commands\Server\rewrite.php(47): require_once('C:\\xampp\\htdocs\\mli-go-main\\public\\index.php')
CRITICAL - 2023-06-27 03:47:26 --> Unknown database 'nama_database'
in APPPATH\Views\dashboardpenjual\product.php on line 127.
 1 APPPATH\Views\dashboardpenjual\product.php(127): mysqli->__construct('localhost', 'root', Object(SensitiveParameterValue), 'nama_database')
 2 SYSTEMPATH\View\View.php(213): include('C:\\xampp\\htdocs\\mli-go-main\\app\\Views\\dashboardpenjual\\product.php')
 3 SYSTEMPATH\View\View.php(216): CodeIgniter\View\View->CodeIgniter\View\{closure}()
 4 SYSTEMPATH\Common.php(1184): CodeIgniter\View\View->render('dashboardpenjual/product', [], true)
 5 APPPATH\Controllers\Dashboardpenjual.php(38): view('dashboardpenjual/product')
 6 SYSTEMPATH\CodeIgniter.php(934): App\Controllers\Dashboardpenjual->productpenjual()
 7 SYSTEMPATH\CodeIgniter.php(499): CodeIgniter\CodeIgniter->runController(Object(App\Controllers\Dashboardpenjual))
 8 SYSTEMPATH\CodeIgniter.php(368): CodeIgniter\CodeIgniter->handleRequest(null, Object(Config\Cache), false)
 9 FCPATH\index.php(67): CodeIgniter\CodeIgniter->run()
10 SYSTEMPATH\Commands\Server\rewrite.php(47): require_once('C:\\xampp\\htdocs\\mli-go-main\\public\\index.php')
CRITICAL - 2023-06-27 03:48:12 --> Unknown database 'nama_database'
in APPPATH\Views\dashboardpenjual\product.php on line 127.
 1 APPPATH\Views\dashboardpenjual\product.php(127): mysqli->__construct('localhost', 'root', Object(SensitiveParameterValue), 'nama_database')
 2 SYSTEMPATH\View\View.php(213): include('C:\\xampp\\htdocs\\mli-go-main\\app\\Views\\dashboardpenjual\\product.php')
 3 SYSTEMPATH\View\View.php(216): CodeIgniter\View\View->CodeIgniter\View\{closure}()
 4 SYSTEMPATH\Common.php(1184): CodeIgniter\View\View->render('dashboardpenjual/product', [], true)
 5 APPPATH\Controllers\Dashboardpenjual.php(38): view('dashboardpenjual/product')
 6 SYSTEMPATH\CodeIgniter.php(934): App\Controllers\Dashboardpenjual->productpenjual()
 7 SYSTEMPATH\CodeIgniter.php(499): CodeIgniter\CodeIgniter->runController(Object(App\Controllers\Dashboardpenjual))
 8 SYSTEMPATH\CodeIgniter.php(368): CodeIgniter\CodeIgniter->handleRequest(null, Object(Config\Cache), false)
 9 FCPATH\index.php(67): CodeIgniter\CodeIgniter->run()
10 SYSTEMPATH\Commands\Server\rewrite.php(47): require_once('C:\\xampp\\htdocs\\mli-go-main\\public\\index.php')
CRITICAL - 2023-06-27 03:48:14 --> Unknown database 'nama_database'
in APPPATH\Views\dashboardpenjual\product.php on line 127.
 1 APPPATH\Views\dashboardpenjual\product.php(127): mysqli->__construct('localhost', 'root', Object(SensitiveParameterValue), 'nama_database')
 2 SYSTEMPATH\View\View.php(213): include('C:\\xampp\\htdocs\\mli-go-main\\app\\Views\\dashboardpenjual\\product.php')
 3 SYSTEMPATH\View\View.php(216): CodeIgniter\View\View->CodeIgniter\View\{closure}()
 4 SYSTEMPATH\Common.php(1184): CodeIgniter\View\View->render('dashboardpenjual/product', [], true)
 5 APPPATH\Controllers\Dashboardpenjual.php(38): view('dashboardpenjual/product')
 6 SYSTEMPATH\CodeIgniter.php(934): App\Controllers\Dashboardpenjual->productpenjual()
 7 SYSTEMPATH\CodeIgniter.php(499): CodeIgniter\CodeIgniter->runController(Object(App\Controllers\Dashboardpenjual))
 8 SYSTEMPATH\CodeIgniter.php(368): CodeIgniter\CodeIgniter->handleRequest(null, Object(Config\Cache), false)
 9 FCPATH\index.php(67): CodeIgniter\CodeIgniter->run()
10 SYSTEMPATH\Commands\Server\rewrite.php(47): require_once('C:\\xampp\\htdocs\\mli-go-main\\public\\index.php')
CRITICAL - 2023-06-27 03:49:05 --> Unknown database 'nama_database'
in APPPATH\Views\dashboardpenjual\product.php on line 7.
 1 APPPATH\Views\dashboardpenjual\product.php(7): mysqli->__construct('localhost', 'root', Object(SensitiveParameterValue), 'nama_database')
 2 SYSTEMPATH\View\View.php(213): include('C:\\xampp\\htdocs\\mli-go-main\\app\\Views\\dashboardpenjual\\product.php')
 3 SYSTEMPATH\View\View.php(216): CodeIgniter\View\View->CodeIgniter\View\{closure}()
 4 SYSTEMPATH\Common.php(1184): CodeIgniter\View\View->render('dashboardpenjual/product', [], true)
 5 APPPATH\Controllers\Dashboardpenjual.php(38): view('dashboardpenjual/product')
 6 SYSTEMPATH\CodeIgniter.php(934): App\Controllers\Dashboardpenjual->productpenjual()
 7 SYSTEMPATH\CodeIgniter.php(499): CodeIgniter\CodeIgniter->runController(Object(App\Controllers\Dashboardpenjual))
 8 SYSTEMPATH\CodeIgniter.php(368): CodeIgniter\CodeIgniter->handleRequest(null, Object(Config\Cache), false)
 9 FCPATH\index.php(67): CodeIgniter\CodeIgniter->run()
10 SYSTEMPATH\Commands\Server\rewrite.php(47): require_once('C:\\xampp\\htdocs\\mli-go-main\\public\\index.php')
CRITICAL - 2023-06-27 03:49:19 --> Unknown database 'nama_database'
in APPPATH\Views\dashboardpenjual\product.php on line 7.
 1 APPPATH\Views\dashboardpenjual\product.php(7): mysqli->__construct('localhost', 'root', Object(SensitiveParameterValue), 'nama_database')
 2 SYSTEMPATH\View\View.php(213): include('C:\\xampp\\htdocs\\mli-go-main\\app\\Views\\dashboardpenjual\\product.php')
 3 SYSTEMPATH\View\View.php(216): CodeIgniter\View\View->CodeIgniter\View\{closure}()
 4 SYSTEMPATH\Common.php(1184): CodeIgniter\View\View->render('dashboardpenjual/product', [], true)
 5 APPPATH\Controllers\Dashboardpenjual.php(38): view('dashboardpenjual/product')
 6 SYSTEMPATH\CodeIgniter.php(934): App\Controllers\Dashboardpenjual->productpenjual()
 7 SYSTEMPATH\CodeIgniter.php(499): CodeIgniter\CodeIgniter->runController(Object(App\Controllers\Dashboardpenjual))
 8 SYSTEMPATH\CodeIgniter.php(368): CodeIgniter\CodeIgniter->handleRequest(null, Object(Config\Cache), false)
 9 FCPATH\index.php(67): CodeIgniter\CodeIgniter->run()
10 SYSTEMPATH\Commands\Server\rewrite.php(47): require_once('C:\\xampp\\htdocs\\mli-go-main\\public\\index.php')
CRITICAL - 2023-06-27 03:56:28 --> Undefined variable $user
in APPPATH\Views\dashboardpenjual\profile.php on line 21.
 1 APPPATH\Views\dashboardpenjual\profile.php(21): CodeIgniter\Debug\Exceptions->errorHandler(2, 'Undefined variable $user', 'C:\\xampp\\htdocs\\mli-go-main\\app\\Views\\dashboardpenjual\\profile.php', 21)
 2 SYSTEMPATH\View\View.php(213): include('C:\\xampp\\htdocs\\mli-go-main\\app\\Views\\dashboardpenjual\\profile.php')
 3 SYSTEMPATH\View\View.php(216): CodeIgniter\View\View->CodeIgniter\View\{closure}()
 4 SYSTEMPATH\Common.php(1184): CodeIgniter\View\View->render('dashboardpenjual/profile', [], true)
 5 APPPATH\Controllers\Dashboardpenjual.php(27): view('dashboardpenjual/profile')
 6 SYSTEMPATH\CodeIgniter.php(934): App\Controllers\Dashboardpenjual->profilepenjual()
 7 SYSTEMPATH\CodeIgniter.php(499): CodeIgniter\CodeIgniter->runController(Object(App\Controllers\Dashboardpenjual))
 8 SYSTEMPATH\CodeIgniter.php(368): CodeIgniter\CodeIgniter->handleRequest(null, Object(Config\Cache), false)
 9 FCPATH\index.php(67): CodeIgniter\CodeIgniter->run()
10 SYSTEMPATH\Commands\Server\rewrite.php(47): require_once('C:\\xampp\\htdocs\\mli-go-main\\public\\index.php')
CRITICAL - 2023-06-27 04:08:30 --> Undefined array key "id"
in APPPATH\Views\dashboardpenjual\product.php on line 86.
 1 APPPATH\Views\dashboardpenjual\product.php(86): CodeIgniter\Debug\Exceptions->errorHandler(2, 'Undefined array key "id"', 'C:\\xampp\\htdocs\\mli-go-main\\app\\Views\\dashboardpenjual\\product.php', 86)
 2 SYSTEMPATH\View\View.php(213): include('C:\\xampp\\htdocs\\mli-go-main\\app\\Views\\dashboardpenjual\\product.php')
 3 SYSTEMPATH\View\View.php(216): CodeIgniter\View\View->CodeIgniter\View\{closure}()
 4 SYSTEMPATH\Common.php(1184): CodeIgniter\View\View->render('dashboardpenjual/product', [], true)
 5 APPPATH\Controllers\Dashboardpenjual.php(38): view('dashboardpenjual/product')
 6 SYSTEMPATH\CodeIgniter.php(934): App\Controllers\Dashboardpenjual->productpenjual()
 7 SYSTEMPATH\CodeIgniter.php(499): CodeIgniter\CodeIgniter->runController(Object(App\Controllers\Dashboardpenjual))
 8 SYSTEMPATH\CodeIgniter.php(368): CodeIgniter\CodeIgniter->handleRequest(null, Object(Config\Cache), false)
 9 FCPATH\index.php(67): CodeIgniter\CodeIgniter->run()
10 SYSTEMPATH\Commands\Server\rewrite.php(47): require_once('C:\\xampp\\htdocs\\mli-go-main\\public\\index.php')
CRITICAL - 2023-06-27 04:08:59 --> Undefined array key "id"
in APPPATH\Views\dashboardpenjual\product.php on line 86.
 1 APPPATH\Views\dashboardpenjual\product.php(86): CodeIgniter\Debug\Exceptions->errorHandler(2, 'Undefined array key "id"', 'C:\\xampp\\htdocs\\mli-go-main\\app\\Views\\dashboardpenjual\\product.php', 86)
 2 SYSTEMPATH\View\View.php(213): include('C:\\xampp\\htdocs\\mli-go-main\\app\\Views\\dashboardpenjual\\product.php')
 3 SYSTEMPATH\View\View.php(216): CodeIgniter\View\View->CodeIgniter\View\{closure}()
 4 SYSTEMPATH\Common.php(1184): CodeIgniter\View\View->render('dashboardpenjual/product', [], true)
 5 APPPATH\Controllers\Dashboardpenjual.php(38): view('dashboardpenjual/product')
 6 SYSTEMPATH\CodeIgniter.php(934): App\Controllers\Dashboardpenjual->productpenjual()
 7 SYSTEMPATH\CodeIgniter.php(499): CodeIgniter\CodeIgniter->runController(Object(App\Controllers\Dashboardpenjual))
 8 SYSTEMPATH\CodeIgniter.php(368): CodeIgniter\CodeIgniter->handleRequest(null, Object(Config\Cache), false)
 9 FCPATH\index.php(67): CodeIgniter\CodeIgniter->run()
10 SYSTEMPATH\Commands\Server\rewrite.php(47): require_once('C:\\xampp\\htdocs\\mli-go-main\\public\\index.php')
CRITICAL - 2023-06-27 04:09:38 --> Undefined array key "id"
in APPPATH\Views\dashboardpenjual\product.php on line 86.
 1 APPPATH\Views\dashboardpenjual\product.php(86): CodeIgniter\Debug\Exceptions->errorHandler(2, 'Undefined array key "id"', 'C:\\xampp\\htdocs\\mli-go-main\\app\\Views\\dashboardpenjual\\product.php', 86)
 2 SYSTEMPATH\View\View.php(213): include('C:\\xampp\\htdocs\\mli-go-main\\app\\Views\\dashboardpenjual\\product.php')
 3 SYSTEMPATH\View\View.php(216): CodeIgniter\View\View->CodeIgniter\View\{closure}()
 4 SYSTEMPATH\Common.php(1184): CodeIgniter\View\View->render('dashboardpenjual/product', [], true)
 5 APPPATH\Controllers\Dashboardpenjual.php(38): view('dashboardpenjual/product')
 6 SYSTEMPATH\CodeIgniter.php(934): App\Controllers\Dashboardpenjual->productpenjual()
 7 SYSTEMPATH\CodeIgniter.php(499): CodeIgniter\CodeIgniter->runController(Object(App\Controllers\Dashboardpenjual))
 8 SYSTEMPATH\CodeIgniter.php(368): CodeIgniter\CodeIgniter->handleRequest(null, Object(Config\Cache), false)
 9 FCPATH\index.php(67): CodeIgniter\CodeIgniter->run()
10 SYSTEMPATH\Commands\Server\rewrite.php(47): require_once('C:\\xampp\\htdocs\\mli-go-main\\public\\index.php')
CRITICAL - 2023-06-27 04:09:52 --> Undefined array key "id"
in APPPATH\Views\dashboardpenjual\product.php on line 86.
 1 APPPATH\Views\dashboardpenjual\product.php(86): CodeIgniter\Debug\Exceptions->errorHandler(2, 'Undefined array key "id"', 'C:\\xampp\\htdocs\\mli-go-main\\app\\Views\\dashboardpenjual\\product.php', 86)
 2 SYSTEMPATH\View\View.php(213): include('C:\\xampp\\htdocs\\mli-go-main\\app\\Views\\dashboardpenjual\\product.php')
 3 SYSTEMPATH\View\View.php(216): CodeIgniter\View\View->CodeIgniter\View\{closure}()
 4 SYSTEMPATH\Common.php(1184): CodeIgniter\View\View->render('dashboardpenjual/product', [], true)
 5 APPPATH\Controllers\Dashboardpenjual.php(38): view('dashboardpenjual/product')
 6 SYSTEMPATH\CodeIgniter.php(934): App\Controllers\Dashboardpenjual->productpenjual()
 7 SYSTEMPATH\CodeIgniter.php(499): CodeIgniter\CodeIgniter->runController(Object(App\Controllers\Dashboardpenjual))
 8 SYSTEMPATH\CodeIgniter.php(368): CodeIgniter\CodeIgniter->handleRequest(null, Object(Config\Cache), false)
 9 FCPATH\index.php(67): CodeIgniter\CodeIgniter->run()
10 SYSTEMPATH\Commands\Server\rewrite.php(47): require_once('C:\\xampp\\htdocs\\mli-go-main\\public\\index.php')
CRITICAL - 2023-06-27 04:10:48 --> Undefined array key "id"
in APPPATH\Views\dashboard\product.php on line 86.
 1 APPPATH\Views\dashboard\product.php(86): CodeIgniter\Debug\Exceptions->errorHandler(2, 'Undefined array key "id"', 'C:\\xampp\\htdocs\\mli-go-main\\app\\Views\\dashboard\\product.php', 86)
 2 SYSTEMPATH\View\View.php(213): include('C:\\xampp\\htdocs\\mli-go-main\\app\\Views\\dashboard\\product.php')
 3 SYSTEMPATH\View\View.php(216): CodeIgniter\View\View->CodeIgniter\View\{closure}()
 4 SYSTEMPATH\Common.php(1184): CodeIgniter\View\View->render('dashboard/product', [], true)
 5 APPPATH\Controllers\Dashboard.php(55): view('dashboard/product', [...])
 6 SYSTEMPATH\CodeIgniter.php(934): App\Controllers\Dashboard->product()
 7 SYSTEMPATH\CodeIgniter.php(499): CodeIgniter\CodeIgniter->runController(Object(App\Controllers\Dashboard))
 8 SYSTEMPATH\CodeIgniter.php(368): CodeIgniter\CodeIgniter->handleRequest(null, Object(Config\Cache), false)
 9 FCPATH\index.php(67): CodeIgniter\CodeIgniter->run()
10 SYSTEMPATH\Commands\Server\rewrite.php(47): require_once('C:\\xampp\\htdocs\\mli-go-main\\public\\index.php')
CRITICAL - 2023-06-27 04:13:15 --> Undefined array key "id"
in APPPATH\Views\dashboard\product.php on line 98.
 1 APPPATH\Views\dashboard\product.php(98): CodeIgniter\Debug\Exceptions->errorHandler(2, 'Undefined array key "id"', 'C:\\xampp\\htdocs\\mli-go-main\\app\\Views\\dashboard\\product.php', 98)
 2 SYSTEMPATH\View\View.php(213): include('C:\\xampp\\htdocs\\mli-go-main\\app\\Views\\dashboard\\product.php')
 3 SYSTEMPATH\View\View.php(216): CodeIgniter\View\View->CodeIgniter\View\{closure}()
 4 SYSTEMPATH\Common.php(1184): CodeIgniter\View\View->render('dashboard/product', [], true)
 5 APPPATH\Controllers\Dashboard.php(55): view('dashboard/product', [...])
 6 SYSTEMPATH\CodeIgniter.php(934): App\Controllers\Dashboard->product()
 7 SYSTEMPATH\CodeIgniter.php(499): CodeIgniter\CodeIgniter->runController(Object(App\Controllers\Dashboard))
 8 SYSTEMPATH\CodeIgniter.php(368): CodeIgniter\CodeIgniter->handleRequest(null, Object(Config\Cache), false)
 9 FCPATH\index.php(67): CodeIgniter\CodeIgniter->run()
10 SYSTEMPATH\Commands\Server\rewrite.php(47): require_once('C:\\xampp\\htdocs\\mli-go-main\\public\\index.php')
CRITICAL - 2023-06-27 05:42:43 --> Unknown column 'id' in 'field list'
in APPPATH\Views\dashboardpenjual\product.php on line 70.
 1 APPPATH\Views\dashboardpenjual\product.php(70): mysqli->query('SELECT id, nama, harga, jumlah FROM produk')
 2 SYSTEMPATH\View\View.php(213): include('C:\\xampp\\htdocs\\mli-go-main\\app\\Views\\dashboardpenjual\\product.php')
 3 SYSTEMPATH\View\View.php(216): CodeIgniter\View\View->CodeIgniter\View\{closure}()
 4 SYSTEMPATH\Common.php(1184): CodeIgniter\View\View->render('dashboardpenjual/product', [], true)
 5 APPPATH\Controllers\Dashboardpenjual.php(38): view('dashboardpenjual/product')
 6 SYSTEMPATH\CodeIgniter.php(934): App\Controllers\Dashboardpenjual->productpenjual()
 7 SYSTEMPATH\CodeIgniter.php(499): CodeIgniter\CodeIgniter->runController(Object(App\Controllers\Dashboardpenjual))
 8 SYSTEMPATH\CodeIgniter.php(368): CodeIgniter\CodeIgniter->handleRequest(null, Object(Config\Cache), false)
 9 FCPATH\index.php(67): CodeIgniter\CodeIgniter->run()
10 SYSTEMPATH\Commands\Server\rewrite.php(47): require_once('C:\\xampp\\htdocs\\mli-go-main\\public\\index.php')
CRITICAL - 2023-06-27 05:42:52 --> Unknown column 'id' in 'field list'
in APPPATH\Views\dashboardpenjual\product.php on line 70.
 1 APPPATH\Views\dashboardpenjual\product.php(70): mysqli->query('SELECT id, nama, harga, jumlah FROM produk')
 2 SYSTEMPATH\View\View.php(213): include('C:\\xampp\\htdocs\\mli-go-main\\app\\Views\\dashboardpenjual\\product.php')
 3 SYSTEMPATH\View\View.php(216): CodeIgniter\View\View->CodeIgniter\View\{closure}()
 4 SYSTEMPATH\Common.php(1184): CodeIgniter\View\View->render('dashboardpenjual/product', [], true)
 5 APPPATH\Controllers\Dashboardpenjual.php(38): view('dashboardpenjual/product')
 6 SYSTEMPATH\CodeIgniter.php(934): App\Controllers\Dashboardpenjual->productpenjual()
 7 SYSTEMPATH\CodeIgniter.php(499): CodeIgniter\CodeIgniter->runController(Object(App\Controllers\Dashboardpenjual))
 8 SYSTEMPATH\CodeIgniter.php(368): CodeIgniter\CodeIgniter->handleRequest(null, Object(Config\Cache), false)
 9 FCPATH\index.php(67): CodeIgniter\CodeIgniter->run()
10 SYSTEMPATH\Commands\Server\rewrite.php(47): require_once('C:\\xampp\\htdocs\\mli-go-main\\public\\index.php')
CRITICAL - 2023-06-27 06:02:17 --> Undefined variable $products
in APPPATH\Views\dashboardpenjual\product.php on line 37.
 1 APPPATH\Views\dashboardpenjual\product.php(37): CodeIgniter\Debug\Exceptions->errorHandler(2, 'Undefined variable $products', 'C:\\xampp\\htdocs\\mli-go-main\\app\\Views\\dashboardpenjual\\product.php', 37)
 2 SYSTEMPATH\View\View.php(213): include('C:\\xampp\\htdocs\\mli-go-main\\app\\Views\\dashboardpenjual\\product.php')
 3 SYSTEMPATH\View\View.php(216): CodeIgniter\View\View->CodeIgniter\View\{closure}()
 4 SYSTEMPATH\Common.php(1184): CodeIgniter\View\View->render('dashboardpenjual/product', [], true)
 5 APPPATH\Controllers\Dashboardpenjual.php(38): view('dashboardpenjual/product')
 6 SYSTEMPATH\CodeIgniter.php(934): App\Controllers\Dashboardpenjual->productpenjual()
 7 SYSTEMPATH\CodeIgniter.php(499): CodeIgniter\CodeIgniter->runController(Object(App\Controllers\Dashboardpenjual))
 8 SYSTEMPATH\CodeIgniter.php(368): CodeIgniter\CodeIgniter->handleRequest(null, Object(Config\Cache), false)
 9 FCPATH\index.php(67): CodeIgniter\CodeIgniter->run()
10 SYSTEMPATH\Commands\Server\rewrite.php(47): require_once('C:\\xampp\\htdocs\\mli-go-main\\public\\index.php')
CRITICAL - 2023-06-27 06:02:20 --> Undefined variable $products
in APPPATH\Views\dashboardpenjual\product.php on line 37.
 1 APPPATH\Views\dashboardpenjual\product.php(37): CodeIgniter\Debug\Exceptions->errorHandler(2, 'Undefined variable $products', 'C:\\xampp\\htdocs\\mli-go-main\\app\\Views\\dashboardpenjual\\product.php', 37)
 2 SYSTEMPATH\View\View.php(213): include('C:\\xampp\\htdocs\\mli-go-main\\app\\Views\\dashboardpenjual\\product.php')
 3 SYSTEMPATH\View\View.php(216): CodeIgniter\View\View->CodeIgniter\View\{closure}()
 4 SYSTEMPATH\Common.php(1184): CodeIgniter\View\View->render('dashboardpenjual/product', [], true)
 5 APPPATH\Controllers\Dashboardpenjual.php(38): view('dashboardpenjual/product')
 6 SYSTEMPATH\CodeIgniter.php(934): App\Controllers\Dashboardpenjual->productpenjual()
 7 SYSTEMPATH\CodeIgniter.php(499): CodeIgniter\CodeIgniter->runController(Object(App\Controllers\Dashboardpenjual))
 8 SYSTEMPATH\CodeIgniter.php(368): CodeIgniter\CodeIgniter->handleRequest(null, Object(Config\Cache), false)
 9 FCPATH\index.php(67): CodeIgniter\CodeIgniter->run()
10 SYSTEMPATH\Commands\Server\rewrite.php(47): require_once('C:\\xampp\\htdocs\\mli-go-main\\public\\index.php')
CRITICAL - 2023-06-27 06:04:58 --> Undefined variable $products
in APPPATH\Views\dashboardpenjual\product.php on line 37.
 1 APPPATH\Views\dashboardpenjual\product.php(37): CodeIgniter\Debug\Exceptions->errorHandler(2, 'Undefined variable $products', 'C:\\xampp\\htdocs\\mli-go-main\\app\\Views\\dashboardpenjual\\product.php', 37)
 2 SYSTEMPATH\View\View.php(213): include('C:\\xampp\\htdocs\\mli-go-main\\app\\Views\\dashboardpenjual\\product.php')
 3 SYSTEMPATH\View\View.php(216): CodeIgniter\View\View->CodeIgniter\View\{closure}()
 4 SYSTEMPATH\Common.php(1184): CodeIgniter\View\View->render('dashboardpenjual/product', [], true)
 5 APPPATH\Controllers\Dashboardpenjual.php(38): view('dashboardpenjual/product')
 6 SYSTEMPATH\CodeIgniter.php(934): App\Controllers\Dashboardpenjual->productpenjual()
 7 SYSTEMPATH\CodeIgniter.php(499): CodeIgniter\CodeIgniter->runController(Object(App\Controllers\Dashboardpenjual))
 8 SYSTEMPATH\CodeIgniter.php(368): CodeIgniter\CodeIgniter->handleRequest(null, Object(Config\Cache), false)
 9 FCPATH\index.php(67): CodeIgniter\CodeIgniter->run()
10 SYSTEMPATH\Commands\Server\rewrite.php(47): require_once('C:\\xampp\\htdocs\\mli-go-main\\public\\index.php')
CRITICAL - 2023-06-27 06:05:05 --> Undefined variable $products
in APPPATH\Views\dashboardpenjual\product.php on line 37.
 1 APPPATH\Views\dashboardpenjual\product.php(37): CodeIgniter\Debug\Exceptions->errorHandler(2, 'Undefined variable $products', 'C:\\xampp\\htdocs\\mli-go-main\\app\\Views\\dashboardpenjual\\product.php', 37)
 2 SYSTEMPATH\View\View.php(213): include('C:\\xampp\\htdocs\\mli-go-main\\app\\Views\\dashboardpenjual\\product.php')
 3 SYSTEMPATH\View\View.php(216): CodeIgniter\View\View->CodeIgniter\View\{closure}()
 4 SYSTEMPATH\Common.php(1184): CodeIgniter\View\View->render('dashboardpenjual/product', [], true)
 5 APPPATH\Controllers\Dashboardpenjual.php(38): view('dashboardpenjual/product')
 6 SYSTEMPATH\CodeIgniter.php(934): App\Controllers\Dashboardpenjual->productpenjual()
 7 SYSTEMPATH\CodeIgniter.php(499): CodeIgniter\CodeIgniter->runController(Object(App\Controllers\Dashboardpenjual))
 8 SYSTEMPATH\CodeIgniter.php(368): CodeIgniter\CodeIgniter->handleRequest(null, Object(Config\Cache), false)
 9 FCPATH\index.php(67): CodeIgniter\CodeIgniter->run()
10 SYSTEMPATH\Commands\Server\rewrite.php(47): require_once('C:\\xampp\\htdocs\\mli-go-main\\public\\index.php')
CRITICAL - 2023-06-27 06:25:55 --> Undefined variable $products
in APPPATH\Views\dashboardpenjual\product.php on line 37.
 1 APPPATH\Views\dashboardpenjual\product.php(37): CodeIgniter\Debug\Exceptions->errorHandler(2, 'Undefined variable $products', 'C:\\xampp\\htdocs\\mli-go-main\\app\\Views\\dashboardpenjual\\product.php', 37)
 2 SYSTEMPATH\View\View.php(213): include('C:\\xampp\\htdocs\\mli-go-main\\app\\Views\\dashboardpenjual\\product.php')
 3 SYSTEMPATH\View\View.php(216): CodeIgniter\View\View->CodeIgniter\View\{closure}()
 4 SYSTEMPATH\Common.php(1184): CodeIgniter\View\View->render('dashboardpenjual/product', [], true)
 5 APPPATH\Controllers\Dashboardpenjual.php(38): view('dashboardpenjual/product')
 6 SYSTEMPATH\CodeIgniter.php(934): App\Controllers\Dashboardpenjual->productpenjual()
 7 SYSTEMPATH\CodeIgniter.php(499): CodeIgniter\CodeIgniter->runController(Object(App\Controllers\Dashboardpenjual))
 8 SYSTEMPATH\CodeIgniter.php(368): CodeIgniter\CodeIgniter->handleRequest(null, Object(Config\Cache), false)
 9 FCPATH\index.php(67): CodeIgniter\CodeIgniter->run()
10 SYSTEMPATH\Commands\Server\rewrite.php(47): require_once('C:\\xampp\\htdocs\\mli-go-main\\public\\index.php')
CRITICAL - 2023-06-27 06:39:12 --> Undefined variable $products
in APPPATH\Views\dashboardpenjual\product.php on line 37.
 1 APPPATH\Views\dashboardpenjual\product.php(37): CodeIgniter\Debug\Exceptions->errorHandler(2, 'Undefined variable $products', 'C:\\xampp\\htdocs\\mli-go-main\\app\\Views\\dashboardpenjual\\product.php', 37)
 2 SYSTEMPATH\View\View.php(213): include('C:\\xampp\\htdocs\\mli-go-main\\app\\Views\\dashboardpenjual\\product.php')
 3 SYSTEMPATH\View\View.php(216): CodeIgniter\View\View->CodeIgniter\View\{closure}()
 4 SYSTEMPATH\Common.php(1184): CodeIgniter\View\View->render('dashboardpenjual/product', [], true)
 5 APPPATH\Controllers\Dashboardpenjual.php(38): view('dashboardpenjual/product')
 6 SYSTEMPATH\CodeIgniter.php(934): App\Controllers\Dashboardpenjual->productpenjual()
 7 SYSTEMPATH\CodeIgniter.php(499): CodeIgniter\CodeIgniter->runController(Object(App\Controllers\Dashboardpenjual))
 8 SYSTEMPATH\CodeIgniter.php(368): CodeIgniter\CodeIgniter->handleRequest(null, Object(Config\Cache), false)
 9 FCPATH\index.php(67): CodeIgniter\CodeIgniter->run()
10 SYSTEMPATH\Commands\Server\rewrite.php(47): require_once('C:\\xampp\\htdocs\\mli-go-main\\public\\index.php')
CRITICAL - 2023-06-27 10:45:10 --> Undefined variable $user
in APPPATH\Views\dashboardpenjual\profile.php on line 21.
 1 APPPATH\Views\dashboardpenjual\profile.php(21): CodeIgniter\Debug\Exceptions->errorHandler(2, 'Undefined variable $user', 'C:\\xampp\\htdocs\\mli-go-main\\app\\Views\\dashboardpenjual\\profile.php', 21)
 2 SYSTEMPATH\View\View.php(213): include('C:\\xampp\\htdocs\\mli-go-main\\app\\Views\\dashboardpenjual\\profile.php')
 3 SYSTEMPATH\View\View.php(216): CodeIgniter\View\View->CodeIgniter\View\{closure}()
 4 SYSTEMPATH\Common.php(1184): CodeIgniter\View\View->render('dashboardpenjual/profile', [], true)
 5 APPPATH\Controllers\Dashboardpenjual.php(27): view('dashboardpenjual/profile')
 6 SYSTEMPATH\CodeIgniter.php(934): App\Controllers\Dashboardpenjual->profilepenjual()
 7 SYSTEMPATH\CodeIgniter.php(499): CodeIgniter\CodeIgniter->runController(Object(App\Controllers\Dashboardpenjual))
 8 SYSTEMPATH\CodeIgniter.php(368): CodeIgniter\CodeIgniter->handleRequest(null, Object(Config\Cache), false)
 9 FCPATH\index.php(67): CodeIgniter\CodeIgniter->run()
10 SYSTEMPATH\Commands\Server\rewrite.php(47): require_once('C:\\xampp\\htdocs\\mli-go-main\\public\\index.php')
