CRITICAL - 2023-06-26 06:22:06 --> Unknown column 'id' in 'where clause'
in APPPATH\Views\dashboard\profile.php on line 81.
 1 APPPATH\Views\dashboard\profile.php(81): mysqli_query(Object(mysqli), 'SELECT * FROM profile WHERE id = 1')
 2 SYSTEMPATH\View\View.php(213): include('C:\\xampp\\htdocs\\mli-go-main\\app\\Views\\dashboard\\profile.php')
 3 SYSTEMPATH\View\View.php(216): CodeIgniter\View\View->CodeIgniter\View\{closure}()
 4 SYSTEMPATH\Common.php(1184): CodeIgniter\View\View->render('dashboard/profile', [], true)
 5 APPPATH\Controllers\Dashboard.php(43): view('dashboard/profile', [...])
 6 SYSTEMPATH\CodeIgniter.php(934): App\Controllers\Dashboard->profile()
 7 SYSTEMPATH\CodeIgniter.php(499): CodeIgniter\CodeIgniter->runController(Object(App\Controllers\Dashboard))
 8 SYSTEMPATH\CodeIgniter.php(368): CodeIgniter\CodeIgniter->handleRequest(null, Object(Config\Cache), false)
 9 FCPATH\index.php(67): CodeIgniter\CodeIgniter->run()
10 SYSTEMPATH\Commands\Server\rewrite.php(47): require_once('C:\\xampp\\htdocs\\mli-go-main\\public\\index.php')
CRITICAL - 2023-06-26 06:47:46 --> Undefined variable $user
in APPPATH\Views\dashboardpenjual\profile.php on line 21.
 1 APPPATH\Views\dashboardpenjual\profile.php(21): CodeIgniter\Debug\Exceptions->errorHandler(2, 'Undefined variable $user', 'C:\\xampp\\htdocs\\mli-go-main\\app\\Views\\dashboardpenjual\\profile.php', 21)
 2 SYSTEMPATH\View\View.php(213): include('C:\\xampp\\htdocs\\mli-go-main\\app\\Views\\dashboardpenjual\\profile.php')
 3 SYSTEMPATH\View\View.php(216): CodeIgniter\View\View->CodeIgniter\View\{closure}()
 4 SYSTEMPATH\Common.php(1184): CodeIgniter\View\View->render('dashboardpenjual/profile', [], true)
 5 APPPATH\Controllers\Dashboardpenjual.php(27): view('dashboardpenjual/profile')
 6 SYSTEMPATH\CodeIgniter.php(934): App\Controllers\Dashboardpenjual->profilepenjual()
 7 SYSTEMPATH\CodeIgniter.php(499): CodeIgniter\CodeIgniter->runController(Object(App\Controllers\Dashboardpenjual))
 8 SYSTEMPATH\CodeIgniter.php(368): CodeIgniter\CodeIgniter->handleRequest(null, Object(Config\Cache), false)
 9 FCPATH\index.php(67): CodeIgniter\CodeIgniter->run()
10 SYSTEMPATH\Commands\Server\rewrite.php(47): require_once('C:\\xampp\\htdocs\\mli-go-main\\public\\index.php')
CRITICAL - 2023-06-26 07:00:24 --> Access denied for user 'your_username'@'localhost' (using password: YES)
in APPPATH\Views\dashboard\profile.php on line 82.
 1 APPPATH\Views\dashboard\profile.php(82): mysqli->__construct('localhost', 'your_username', Object(SensitiveParameterValue), 'your_database')
 2 APPPATH\Views\dashboard\profile.php(135): getProfileData()
 3 SYSTEMPATH\View\View.php(213): include('C:\\xampp\\htdocs\\mli-go-main\\app\\Views\\dashboard\\profile.php')
 4 SYSTEMPATH\View\View.php(216): CodeIgniter\View\View->CodeIgniter\View\{closure}()
 5 SYSTEMPATH\Common.php(1184): CodeIgniter\View\View->render('dashboard/profile', [], true)
 6 APPPATH\Controllers\Dashboard.php(43): view('dashboard/profile', [...])
 7 SYSTEMPATH\CodeIgniter.php(934): App\Controllers\Dashboard->profile()
 8 SYSTEMPATH\CodeIgniter.php(499): CodeIgniter\CodeIgniter->runController(Object(App\Controllers\Dashboard))
 9 SYSTEMPATH\CodeIgniter.php(368): CodeIgniter\CodeIgniter->handleRequest(null, Object(Config\Cache), false)
10 FCPATH\index.php(67): CodeIgniter\CodeIgniter->run()
11 SYSTEMPATH\Commands\Server\rewrite.php(47): require_once('C:\\xampp\\htdocs\\mli-go-main\\public\\index.php')
CRITICAL - 2023-06-26 07:01:29 --> Access denied for user 'your_username'@'localhost' (using password: YES)
in APPPATH\Views\dashboard\profile.php on line 82.
 1 APPPATH\Views\dashboard\profile.php(82): mysqli->__construct('localhost', 'your_username', Object(SensitiveParameterValue), 'your_database')
 2 APPPATH\Views\dashboard\profile.php(135): getProfileData()
 3 SYSTEMPATH\View\View.php(213): include('C:\\xampp\\htdocs\\mli-go-main\\app\\Views\\dashboard\\profile.php')
 4 SYSTEMPATH\View\View.php(216): CodeIgniter\View\View->CodeIgniter\View\{closure}()
 5 SYSTEMPATH\Common.php(1184): CodeIgniter\View\View->render('dashboard/profile', [], true)
 6 APPPATH\Controllers\Dashboard.php(43): view('dashboard/profile', [...])
 7 SYSTEMPATH\CodeIgniter.php(934): App\Controllers\Dashboard->profile()
 8 SYSTEMPATH\CodeIgniter.php(499): CodeIgniter\CodeIgniter->runController(Object(App\Controllers\Dashboard))
 9 SYSTEMPATH\CodeIgniter.php(368): CodeIgniter\CodeIgniter->handleRequest(null, Object(Config\Cache), false)
10 FCPATH\index.php(67): CodeIgniter\CodeIgniter->run()
11 SYSTEMPATH\Commands\Server\rewrite.php(47): require_once('C:\\xampp\\htdocs\\mli-go-main\\public\\index.php')
CRITICAL - 2023-06-26 07:01:40 --> Access denied for user 'your_username'@'localhost' (using password: YES)
in APPPATH\Views\dashboard\profile.php on line 82.
 1 APPPATH\Views\dashboard\profile.php(82): mysqli->__construct('localhost', 'your_username', Object(SensitiveParameterValue), 'your_database')
 2 APPPATH\Views\dashboard\profile.php(135): getProfileData()
 3 SYSTEMPATH\View\View.php(213): include('C:\\xampp\\htdocs\\mli-go-main\\app\\Views\\dashboard\\profile.php')
 4 SYSTEMPATH\View\View.php(216): CodeIgniter\View\View->CodeIgniter\View\{closure}()
 5 SYSTEMPATH\Common.php(1184): CodeIgniter\View\View->render('dashboard/profile', [], true)
 6 APPPATH\Controllers\Dashboard.php(43): view('dashboard/profile', [...])
 7 SYSTEMPATH\CodeIgniter.php(934): App\Controllers\Dashboard->profile()
 8 SYSTEMPATH\CodeIgniter.php(499): CodeIgniter\CodeIgniter->runController(Object(App\Controllers\Dashboard))
 9 SYSTEMPATH\CodeIgniter.php(368): CodeIgniter\CodeIgniter->handleRequest(null, Object(Config\Cache), false)
10 FCPATH\index.php(67): CodeIgniter\CodeIgniter->run()
11 SYSTEMPATH\Commands\Server\rewrite.php(47): require_once('C:\\xampp\\htdocs\\mli-go-main\\public\\index.php')
CRITICAL - 2023-06-26 07:01:50 --> Access denied for user 'your_username'@'localhost' (using password: YES)
in APPPATH\Views\dashboard\profile.php on line 82.
 1 APPPATH\Views\dashboard\profile.php(82): mysqli->__construct('localhost', 'your_username', Object(SensitiveParameterValue), 'your_database')
 2 APPPATH\Views\dashboard\profile.php(135): getProfileData()
 3 SYSTEMPATH\View\View.php(213): include('C:\\xampp\\htdocs\\mli-go-main\\app\\Views\\dashboard\\profile.php')
 4 SYSTEMPATH\View\View.php(216): CodeIgniter\View\View->CodeIgniter\View\{closure}()
 5 SYSTEMPATH\Common.php(1184): CodeIgniter\View\View->render('dashboard/profile', [], true)
 6 APPPATH\Controllers\Dashboard.php(43): view('dashboard/profile', [...])
 7 SYSTEMPATH\CodeIgniter.php(934): App\Controllers\Dashboard->profile()
 8 SYSTEMPATH\CodeIgniter.php(499): CodeIgniter\CodeIgniter->runController(Object(App\Controllers\Dashboard))
 9 SYSTEMPATH\CodeIgniter.php(368): CodeIgniter\CodeIgniter->handleRequest(null, Object(Config\Cache), false)
10 FCPATH\index.php(67): CodeIgniter\CodeIgniter->run()
11 SYSTEMPATH\Commands\Server\rewrite.php(47): require_once('C:\\xampp\\htdocs\\mli-go-main\\public\\index.php')
CRITICAL - 2023-06-26 07:11:42 --> Cannot redeclare getProfileData() (previously declared in C:\xampp\htdocs\mli-go-main\app\Views\dashboard\profile.php:77)
in APPPATH\Views\dashboard\profile.php on line 234.
 1 [internal function]: CodeIgniter\Debug\Exceptions->shutdownHandler()
CRITICAL - 2023-06-26 07:11:45 --> Cannot redeclare getProfileData() (previously declared in C:\xampp\htdocs\mli-go-main\app\Views\dashboard\profile.php:77)
in APPPATH\Views\dashboard\profile.php on line 234.
 1 [internal function]: CodeIgniter\Debug\Exceptions->shutdownHandler()
CRITICAL - 2023-06-26 07:12:48 --> Cannot redeclare getProfileData() (previously declared in C:\xampp\htdocs\mli-go-main\app\Views\dashboard\profile.php:77)
in APPPATH\Views\dashboard\profile.php on line 234.
 1 [internal function]: CodeIgniter\Debug\Exceptions->shutdownHandler()
