CRITICAL - 2023-06-25 02:34:36 --> Undefined variable $user
in APPPATH\Views\dashboard\profile.php on line 21.
 1 APPPATH\Views\dashboard\profile.php(21): CodeIgniter\Debug\Exceptions->errorHandler(2, 'Undefined variable $user', 'C:\\xampp\\htdocs\\mli-go-main\\app\\Views\\dashboard\\profile.php', 21)
 2 SYSTEMPATH\View\View.php(213): include('C:\\xampp\\htdocs\\mli-go-main\\app\\Views\\dashboard\\profile.php')
 3 SYSTEMPATH\View\View.php(216): CodeIgniter\View\View->CodeIgniter\View\{closure}()
 4 SYSTEMPATH\Common.php(1184): CodeIgniter\View\View->render('dashboard/profile', [], true)
 5 APPPATH\Controllers\Dashboard.php(27): view('dashboard/profile')
 6 SYSTEMPATH\CodeIgniter.php(934): App\Controllers\Dashboard->profile()
 7 SYSTEMPATH\CodeIgniter.php(499): CodeIgniter\CodeIgniter->runController(Object(App\Controllers\Dashboard))
 8 SYSTEMPATH\CodeIgniter.php(368): CodeIgniter\CodeIgniter->handleRequest(null, Object(Config\Cache), false)
 9 FCPATH\index.php(67): CodeIgniter\CodeIgniter->run()
10 SYSTEMPATH\Commands\Server\rewrite.php(47): require_once('C:\\xampp\\htdocs\\mli-go-main\\public\\index.php')
ERROR - 2023-06-25 03:08:02 --> mysqli_sql_exception: Duplicate entry '2147483647' for key 'PRIMARY' in C:\xampp\htdocs\mli-go-main\system\Database\MySQLi\Connection.php:295
Stack trace:
#0 C:\xampp\htdocs\mli-go-main\system\Database\MySQLi\Connection.php(295): mysqli->query('INSERT INTO `lo...', 0)
#1 C:\xampp\htdocs\mli-go-main\system\Database\BaseConnection.php(692): CodeIgniter\Database\MySQLi\Connection->execute('INSERT INTO `lo...')
#2 C:\xampp\htdocs\mli-go-main\system\Database\BaseConnection.php(606): CodeIgniter\Database\BaseConnection->simpleQuery('INSERT INTO `lo...')
#3 C:\xampp\htdocs\mli-go-main\system\Database\BaseBuilder.php(2309): CodeIgniter\Database\BaseConnection->query('INSERT INTO `lo...', Array, false)
#4 C:\xampp\htdocs\mli-go-main\system\Model.php(330): CodeIgniter\Database\BaseBuilder->insert()
#5 C:\xampp\htdocs\mli-go-main\system\BaseModel.php(782): CodeIgniter\Model->doInsert(Array)
#6 C:\xampp\htdocs\mli-go-main\system\Model.php(730): CodeIgniter\BaseModel->insert(Array, true)
#7 C:\xampp\htdocs\mli-go-main\app\Controllers\AuthController.php(33): CodeIgniter\Model->insert(Array)
#8 C:\xampp\htdocs\mli-go-main\system\CodeIgniter.php(934): App\Controllers\AuthController->create()
#9 C:\xampp\htdocs\mli-go-main\system\CodeIgniter.php(499): CodeIgniter\CodeIgniter->runController(Object(App\Controllers\AuthController))
#10 C:\xampp\htdocs\mli-go-main\system\CodeIgniter.php(368): CodeIgniter\CodeIgniter->handleRequest(NULL, Object(Config\Cache), false)
#11 C:\xampp\htdocs\mli-go-main\public\index.php(67): CodeIgniter\CodeIgniter->run()
#12 C:\xampp\htdocs\mli-go-main\system\Commands\Server\rewrite.php(47): require_once('C:\\xampp\\htdocs...')
#13 {main}
CRITICAL - 2023-06-25 03:08:02 --> Duplicate entry '2147483647' for key 'PRIMARY'
in SYSTEMPATH\Database\MySQLi\Connection.php on line 295.
 1 SYSTEMPATH\Database\MySQLi\Connection.php(295): mysqli->query('INSERT INTO `login` (`NoHp`, `Username`, `Password`) VALUES (\'081234606691\', \'anjay\', \'anjay\')', 0)
 2 SYSTEMPATH\Database\BaseConnection.php(692): CodeIgniter\Database\MySQLi\Connection->execute('INSERT INTO `login` (`NoHp`, `Username`, `Password`) VALUES (\'081234606691\', \'anjay\', \'anjay\')')
 3 SYSTEMPATH\Database\BaseConnection.php(606): CodeIgniter\Database\BaseConnection->simpleQuery('INSERT INTO `login` (`NoHp`, `Username`, `Password`) VALUES (\'081234606691\', \'anjay\', \'anjay\')')
 4 SYSTEMPATH\Database\BaseBuilder.php(2309): CodeIgniter\Database\BaseConnection->query('INSERT INTO `login` (`NoHp`, `Username`, `Password`) VALUES (:NoHp:, :Username:, :Password:)', [...], false)
 5 SYSTEMPATH\Model.php(330): CodeIgniter\Database\BaseBuilder->insert()
 6 SYSTEMPATH\BaseModel.php(782): CodeIgniter\Model->doInsert([...])
 7 SYSTEMPATH\Model.php(730): CodeIgniter\BaseModel->insert([...], true)
 8 APPPATH\Controllers\AuthController.php(33): CodeIgniter\Model->insert([...])
 9 SYSTEMPATH\CodeIgniter.php(934): App\Controllers\AuthController->create()
10 SYSTEMPATH\CodeIgniter.php(499): CodeIgniter\CodeIgniter->runController(Object(App\Controllers\AuthController))
11 SYSTEMPATH\CodeIgniter.php(368): CodeIgniter\CodeIgniter->handleRequest(null, Object(Config\Cache), false)
12 FCPATH\index.php(67): CodeIgniter\CodeIgniter->run()
13 SYSTEMPATH\Commands\Server\rewrite.php(47): require_once('C:\\xampp\\htdocs\\mli-go-main\\public\\index.php')
ERROR - 2023-06-25 03:08:07 --> mysqli_sql_exception: Duplicate entry '2147483647' for key 'PRIMARY' in C:\xampp\htdocs\mli-go-main\system\Database\MySQLi\Connection.php:295
Stack trace:
#0 C:\xampp\htdocs\mli-go-main\system\Database\MySQLi\Connection.php(295): mysqli->query('INSERT INTO `lo...', 0)
#1 C:\xampp\htdocs\mli-go-main\system\Database\BaseConnection.php(692): CodeIgniter\Database\MySQLi\Connection->execute('INSERT INTO `lo...')
#2 C:\xampp\htdocs\mli-go-main\system\Database\BaseConnection.php(606): CodeIgniter\Database\BaseConnection->simpleQuery('INSERT INTO `lo...')
#3 C:\xampp\htdocs\mli-go-main\system\Database\BaseBuilder.php(2309): CodeIgniter\Database\BaseConnection->query('INSERT INTO `lo...', Array, false)
#4 C:\xampp\htdocs\mli-go-main\system\Model.php(330): CodeIgniter\Database\BaseBuilder->insert()
#5 C:\xampp\htdocs\mli-go-main\system\BaseModel.php(782): CodeIgniter\Model->doInsert(Array)
#6 C:\xampp\htdocs\mli-go-main\system\Model.php(730): CodeIgniter\BaseModel->insert(Array, true)
#7 C:\xampp\htdocs\mli-go-main\app\Controllers\AuthController.php(33): CodeIgniter\Model->insert(Array)
#8 C:\xampp\htdocs\mli-go-main\system\CodeIgniter.php(934): App\Controllers\AuthController->create()
#9 C:\xampp\htdocs\mli-go-main\system\CodeIgniter.php(499): CodeIgniter\CodeIgniter->runController(Object(App\Controllers\AuthController))
#10 C:\xampp\htdocs\mli-go-main\system\CodeIgniter.php(368): CodeIgniter\CodeIgniter->handleRequest(NULL, Object(Config\Cache), false)
#11 C:\xampp\htdocs\mli-go-main\public\index.php(67): CodeIgniter\CodeIgniter->run()
#12 C:\xampp\htdocs\mli-go-main\system\Commands\Server\rewrite.php(47): require_once('C:\\xampp\\htdocs...')
#13 {main}
CRITICAL - 2023-06-25 03:08:07 --> Duplicate entry '2147483647' for key 'PRIMARY'
in SYSTEMPATH\Database\MySQLi\Connection.php on line 295.
 1 SYSTEMPATH\Database\MySQLi\Connection.php(295): mysqli->query('INSERT INTO `login` (`NoHp`, `Username`, `Password`) VALUES (\'081234606691\', \'anjay\', \'anjay\')', 0)
 2 SYSTEMPATH\Database\BaseConnection.php(692): CodeIgniter\Database\MySQLi\Connection->execute('INSERT INTO `login` (`NoHp`, `Username`, `Password`) VALUES (\'081234606691\', \'anjay\', \'anjay\')')
 3 SYSTEMPATH\Database\BaseConnection.php(606): CodeIgniter\Database\BaseConnection->simpleQuery('INSERT INTO `login` (`NoHp`, `Username`, `Password`) VALUES (\'081234606691\', \'anjay\', \'anjay\')')
 4 SYSTEMPATH\Database\BaseBuilder.php(2309): CodeIgniter\Database\BaseConnection->query('INSERT INTO `login` (`NoHp`, `Username`, `Password`) VALUES (:NoHp:, :Username:, :Password:)', [...], false)
 5 SYSTEMPATH\Model.php(330): CodeIgniter\Database\BaseBuilder->insert()
 6 SYSTEMPATH\BaseModel.php(782): CodeIgniter\Model->doInsert([...])
 7 SYSTEMPATH\Model.php(730): CodeIgniter\BaseModel->insert([...], true)
 8 APPPATH\Controllers\AuthController.php(33): CodeIgniter\Model->insert([...])
 9 SYSTEMPATH\CodeIgniter.php(934): App\Controllers\AuthController->create()
10 SYSTEMPATH\CodeIgniter.php(499): CodeIgniter\CodeIgniter->runController(Object(App\Controllers\AuthController))
11 SYSTEMPATH\CodeIgniter.php(368): CodeIgniter\CodeIgniter->handleRequest(null, Object(Config\Cache), false)
12 FCPATH\index.php(67): CodeIgniter\CodeIgniter->run()
13 SYSTEMPATH\Commands\Server\rewrite.php(47): require_once('C:\\xampp\\htdocs\\mli-go-main\\public\\index.php')
ERROR - 2023-06-25 03:08:46 --> mysqli_sql_exception: Duplicate entry '2147483647' for key 'PRIMARY' in C:\xampp\htdocs\mli-go-main\system\Database\MySQLi\Connection.php:295
Stack trace:
#0 C:\xampp\htdocs\mli-go-main\system\Database\MySQLi\Connection.php(295): mysqli->query('INSERT INTO `lo...', 0)
#1 C:\xampp\htdocs\mli-go-main\system\Database\BaseConnection.php(692): CodeIgniter\Database\MySQLi\Connection->execute('INSERT INTO `lo...')
#2 C:\xampp\htdocs\mli-go-main\system\Database\BaseConnection.php(606): CodeIgniter\Database\BaseConnection->simpleQuery('INSERT INTO `lo...')
#3 C:\xampp\htdocs\mli-go-main\system\Database\BaseBuilder.php(2309): CodeIgniter\Database\BaseConnection->query('INSERT INTO `lo...', Array, false)
#4 C:\xampp\htdocs\mli-go-main\system\Model.php(330): CodeIgniter\Database\BaseBuilder->insert()
#5 C:\xampp\htdocs\mli-go-main\system\BaseModel.php(782): CodeIgniter\Model->doInsert(Array)
#6 C:\xampp\htdocs\mli-go-main\system\Model.php(730): CodeIgniter\BaseModel->insert(Array, true)
#7 C:\xampp\htdocs\mli-go-main\app\Controllers\AuthController.php(33): CodeIgniter\Model->insert(Array)
#8 C:\xampp\htdocs\mli-go-main\system\CodeIgniter.php(934): App\Controllers\AuthController->create()
#9 C:\xampp\htdocs\mli-go-main\system\CodeIgniter.php(499): CodeIgniter\CodeIgniter->runController(Object(App\Controllers\AuthController))
#10 C:\xampp\htdocs\mli-go-main\system\CodeIgniter.php(368): CodeIgniter\CodeIgniter->handleRequest(NULL, Object(Config\Cache), false)
#11 C:\xampp\htdocs\mli-go-main\public\index.php(67): CodeIgniter\CodeIgniter->run()
#12 C:\xampp\htdocs\mli-go-main\system\Commands\Server\rewrite.php(47): require_once('C:\\xampp\\htdocs...')
#13 {main}
CRITICAL - 2023-06-25 03:08:46 --> Duplicate entry '2147483647' for key 'PRIMARY'
in SYSTEMPATH\Database\MySQLi\Connection.php on line 295.
 1 SYSTEMPATH\Database\MySQLi\Connection.php(295): mysqli->query('INSERT INTO `login` (`NoHp`, `Username`, `Password`) VALUES (\'081234606691\', \'anjay\', \'anjay\')', 0)
 2 SYSTEMPATH\Database\BaseConnection.php(692): CodeIgniter\Database\MySQLi\Connection->execute('INSERT INTO `login` (`NoHp`, `Username`, `Password`) VALUES (\'081234606691\', \'anjay\', \'anjay\')')
 3 SYSTEMPATH\Database\BaseConnection.php(606): CodeIgniter\Database\BaseConnection->simpleQuery('INSERT INTO `login` (`NoHp`, `Username`, `Password`) VALUES (\'081234606691\', \'anjay\', \'anjay\')')
 4 SYSTEMPATH\Database\BaseBuilder.php(2309): CodeIgniter\Database\BaseConnection->query('INSERT INTO `login` (`NoHp`, `Username`, `Password`) VALUES (:NoHp:, :Username:, :Password:)', [...], false)
 5 SYSTEMPATH\Model.php(330): CodeIgniter\Database\BaseBuilder->insert()
 6 SYSTEMPATH\BaseModel.php(782): CodeIgniter\Model->doInsert([...])
 7 SYSTEMPATH\Model.php(730): CodeIgniter\BaseModel->insert([...], true)
 8 APPPATH\Controllers\AuthController.php(33): CodeIgniter\Model->insert([...])
 9 SYSTEMPATH\CodeIgniter.php(934): App\Controllers\AuthController->create()
10 SYSTEMPATH\CodeIgniter.php(499): CodeIgniter\CodeIgniter->runController(Object(App\Controllers\AuthController))
11 SYSTEMPATH\CodeIgniter.php(368): CodeIgniter\CodeIgniter->handleRequest(null, Object(Config\Cache), false)
12 FCPATH\index.php(67): CodeIgniter\CodeIgniter->run()
13 SYSTEMPATH\Commands\Server\rewrite.php(47): require_once('C:\\xampp\\htdocs\\mli-go-main\\public\\index.php')
ERROR - 2023-06-25 03:08:51 --> mysqli_sql_exception: Duplicate entry '2147483647' for key 'PRIMARY' in C:\xampp\htdocs\mli-go-main\system\Database\MySQLi\Connection.php:295
Stack trace:
#0 C:\xampp\htdocs\mli-go-main\system\Database\MySQLi\Connection.php(295): mysqli->query('INSERT INTO `lo...', 0)
#1 C:\xampp\htdocs\mli-go-main\system\Database\BaseConnection.php(692): CodeIgniter\Database\MySQLi\Connection->execute('INSERT INTO `lo...')
#2 C:\xampp\htdocs\mli-go-main\system\Database\BaseConnection.php(606): CodeIgniter\Database\BaseConnection->simpleQuery('INSERT INTO `lo...')
#3 C:\xampp\htdocs\mli-go-main\system\Database\BaseBuilder.php(2309): CodeIgniter\Database\BaseConnection->query('INSERT INTO `lo...', Array, false)
#4 C:\xampp\htdocs\mli-go-main\system\Model.php(330): CodeIgniter\Database\BaseBuilder->insert()
#5 C:\xampp\htdocs\mli-go-main\system\BaseModel.php(782): CodeIgniter\Model->doInsert(Array)
#6 C:\xampp\htdocs\mli-go-main\system\Model.php(730): CodeIgniter\BaseModel->insert(Array, true)
#7 C:\xampp\htdocs\mli-go-main\app\Controllers\AuthController.php(33): CodeIgniter\Model->insert(Array)
#8 C:\xampp\htdocs\mli-go-main\system\CodeIgniter.php(934): App\Controllers\AuthController->create()
#9 C:\xampp\htdocs\mli-go-main\system\CodeIgniter.php(499): CodeIgniter\CodeIgniter->runController(Object(App\Controllers\AuthController))
#10 C:\xampp\htdocs\mli-go-main\system\CodeIgniter.php(368): CodeIgniter\CodeIgniter->handleRequest(NULL, Object(Config\Cache), false)
#11 C:\xampp\htdocs\mli-go-main\public\index.php(67): CodeIgniter\CodeIgniter->run()
#12 C:\xampp\htdocs\mli-go-main\system\Commands\Server\rewrite.php(47): require_once('C:\\xampp\\htdocs...')
#13 {main}
CRITICAL - 2023-06-25 03:08:51 --> Duplicate entry '2147483647' for key 'PRIMARY'
in SYSTEMPATH\Database\MySQLi\Connection.php on line 295.
 1 SYSTEMPATH\Database\MySQLi\Connection.php(295): mysqli->query('INSERT INTO `login` (`NoHp`, `Username`, `Password`) VALUES (\'081234606691\', \'anjay\', \'anjay\')', 0)
 2 SYSTEMPATH\Database\BaseConnection.php(692): CodeIgniter\Database\MySQLi\Connection->execute('INSERT INTO `login` (`NoHp`, `Username`, `Password`) VALUES (\'081234606691\', \'anjay\', \'anjay\')')
 3 SYSTEMPATH\Database\BaseConnection.php(606): CodeIgniter\Database\BaseConnection->simpleQuery('INSERT INTO `login` (`NoHp`, `Username`, `Password`) VALUES (\'081234606691\', \'anjay\', \'anjay\')')
 4 SYSTEMPATH\Database\BaseBuilder.php(2309): CodeIgniter\Database\BaseConnection->query('INSERT INTO `login` (`NoHp`, `Username`, `Password`) VALUES (:NoHp:, :Username:, :Password:)', [...], false)
 5 SYSTEMPATH\Model.php(330): CodeIgniter\Database\BaseBuilder->insert()
 6 SYSTEMPATH\BaseModel.php(782): CodeIgniter\Model->doInsert([...])
 7 SYSTEMPATH\Model.php(730): CodeIgniter\BaseModel->insert([...], true)
 8 APPPATH\Controllers\AuthController.php(33): CodeIgniter\Model->insert([...])
 9 SYSTEMPATH\CodeIgniter.php(934): App\Controllers\AuthController->create()
10 SYSTEMPATH\CodeIgniter.php(499): CodeIgniter\CodeIgniter->runController(Object(App\Controllers\AuthController))
11 SYSTEMPATH\CodeIgniter.php(368): CodeIgniter\CodeIgniter->handleRequest(null, Object(Config\Cache), false)
12 FCPATH\index.php(67): CodeIgniter\CodeIgniter->run()
13 SYSTEMPATH\Commands\Server\rewrite.php(47): require_once('C:\\xampp\\htdocs\\mli-go-main\\public\\index.php')
ERROR - 2023-06-25 03:09:40 --> mysqli_sql_exception: Duplicate entry '2147483647' for key 'PRIMARY' in C:\xampp\htdocs\mli-go-main\system\Database\MySQLi\Connection.php:295
Stack trace:
#0 C:\xampp\htdocs\mli-go-main\system\Database\MySQLi\Connection.php(295): mysqli->query('INSERT INTO `lo...', 0)
#1 C:\xampp\htdocs\mli-go-main\system\Database\BaseConnection.php(692): CodeIgniter\Database\MySQLi\Connection->execute('INSERT INTO `lo...')
#2 C:\xampp\htdocs\mli-go-main\system\Database\BaseConnection.php(606): CodeIgniter\Database\BaseConnection->simpleQuery('INSERT INTO `lo...')
#3 C:\xampp\htdocs\mli-go-main\system\Database\BaseBuilder.php(2309): CodeIgniter\Database\BaseConnection->query('INSERT INTO `lo...', Array, false)
#4 C:\xampp\htdocs\mli-go-main\system\Model.php(330): CodeIgniter\Database\BaseBuilder->insert()
#5 C:\xampp\htdocs\mli-go-main\system\BaseModel.php(782): CodeIgniter\Model->doInsert(Array)
#6 C:\xampp\htdocs\mli-go-main\system\Model.php(730): CodeIgniter\BaseModel->insert(Array, true)
#7 C:\xampp\htdocs\mli-go-main\app\Controllers\AuthController.php(33): CodeIgniter\Model->insert(Array)
#8 C:\xampp\htdocs\mli-go-main\system\CodeIgniter.php(934): App\Controllers\AuthController->create()
#9 C:\xampp\htdocs\mli-go-main\system\CodeIgniter.php(499): CodeIgniter\CodeIgniter->runController(Object(App\Controllers\AuthController))
#10 C:\xampp\htdocs\mli-go-main\system\CodeIgniter.php(368): CodeIgniter\CodeIgniter->handleRequest(NULL, Object(Config\Cache), false)
#11 C:\xampp\htdocs\mli-go-main\public\index.php(67): CodeIgniter\CodeIgniter->run()
#12 C:\xampp\htdocs\mli-go-main\system\Commands\Server\rewrite.php(47): require_once('C:\\xampp\\htdocs...')
#13 {main}
CRITICAL - 2023-06-25 03:09:40 --> Duplicate entry '2147483647' for key 'PRIMARY'
in SYSTEMPATH\Database\MySQLi\Connection.php on line 295.
 1 SYSTEMPATH\Database\MySQLi\Connection.php(295): mysqli->query('INSERT INTO `login` (`NoHp`, `Username`, `Password`) VALUES (\'081234606691\', \'anjay\', \'anjay\')', 0)
 2 SYSTEMPATH\Database\BaseConnection.php(692): CodeIgniter\Database\MySQLi\Connection->execute('INSERT INTO `login` (`NoHp`, `Username`, `Password`) VALUES (\'081234606691\', \'anjay\', \'anjay\')')
 3 SYSTEMPATH\Database\BaseConnection.php(606): CodeIgniter\Database\BaseConnection->simpleQuery('INSERT INTO `login` (`NoHp`, `Username`, `Password`) VALUES (\'081234606691\', \'anjay\', \'anjay\')')
 4 SYSTEMPATH\Database\BaseBuilder.php(2309): CodeIgniter\Database\BaseConnection->query('INSERT INTO `login` (`NoHp`, `Username`, `Password`) VALUES (:NoHp:, :Username:, :Password:)', [...], false)
 5 SYSTEMPATH\Model.php(330): CodeIgniter\Database\BaseBuilder->insert()
 6 SYSTEMPATH\BaseModel.php(782): CodeIgniter\Model->doInsert([...])
 7 SYSTEMPATH\Model.php(730): CodeIgniter\BaseModel->insert([...], true)
 8 APPPATH\Controllers\AuthController.php(33): CodeIgniter\Model->insert([...])
 9 SYSTEMPATH\CodeIgniter.php(934): App\Controllers\AuthController->create()
10 SYSTEMPATH\CodeIgniter.php(499): CodeIgniter\CodeIgniter->runController(Object(App\Controllers\AuthController))
11 SYSTEMPATH\CodeIgniter.php(368): CodeIgniter\CodeIgniter->handleRequest(null, Object(Config\Cache), false)
12 FCPATH\index.php(67): CodeIgniter\CodeIgniter->run()
13 SYSTEMPATH\Commands\Server\rewrite.php(47): require_once('C:\\xampp\\htdocs\\mli-go-main\\public\\index.php')
CRITICAL - 2023-06-25 03:28:25 --> "isLoggedIn" filter must have a matching alias defined.
in SYSTEMPATH\Filters\Filters.php on line 340.
 1 SYSTEMPATH\Filters\Filters.php(340): CodeIgniter\Filters\Exceptions\FilterException::forNoAlias('isLoggedIn')
 2 SYSTEMPATH\CodeIgniter.php(466): CodeIgniter\Filters\Filters->enableFilter('isLoggedIn', 'before')
 3 SYSTEMPATH\CodeIgniter.php(368): CodeIgniter\CodeIgniter->handleRequest(null, Object(Config\Cache), false)
 4 FCPATH\index.php(67): CodeIgniter\CodeIgniter->run()
 5 SYSTEMPATH\Commands\Server\rewrite.php(47): require_once('C:\\xampp\\htdocs\\mli-go-main\\public\\index.php')
CRITICAL - 2023-06-25 03:39:27 --> Undefined variable $user
in APPPATH\Views\dashboardpenjual\profile.php on line 21.
 1 APPPATH\Views\dashboardpenjual\profile.php(21): CodeIgniter\Debug\Exceptions->errorHandler(2, 'Undefined variable $user', 'C:\\xampp\\htdocs\\mli-go-main\\app\\Views\\dashboardpenjual\\profile.php', 21)
 2 SYSTEMPATH\View\View.php(213): include('C:\\xampp\\htdocs\\mli-go-main\\app\\Views\\dashboardpenjual\\profile.php')
 3 SYSTEMPATH\View\View.php(216): CodeIgniter\View\View->CodeIgniter\View\{closure}()
 4 SYSTEMPATH\Common.php(1184): CodeIgniter\View\View->render('dashboardpenjual/profile', [], true)
 5 APPPATH\Controllers\Dashboardpenjual.php(27): view('dashboardpenjual/profile')
 6 SYSTEMPATH\CodeIgniter.php(934): App\Controllers\Dashboardpenjual->profilepenjual()
 7 SYSTEMPATH\CodeIgniter.php(499): CodeIgniter\CodeIgniter->runController(Object(App\Controllers\Dashboardpenjual))
 8 SYSTEMPATH\CodeIgniter.php(368): CodeIgniter\CodeIgniter->handleRequest(null, Object(Config\Cache), false)
 9 FCPATH\index.php(67): CodeIgniter\CodeIgniter->run()
10 SYSTEMPATH\Commands\Server\rewrite.php(47): require_once('C:\\xampp\\htdocs\\mli-go-main\\public\\index.php')
CRITICAL - 2023-06-25 03:43:34 --> Undefined variable $user
in APPPATH\Views\dashboardpenjual\profile.php on line 21.
 1 APPPATH\Views\dashboardpenjual\profile.php(21): CodeIgniter\Debug\Exceptions->errorHandler(2, 'Undefined variable $user', 'C:\\xampp\\htdocs\\mli-go-main\\app\\Views\\dashboardpenjual\\profile.php', 21)
 2 SYSTEMPATH\View\View.php(213): include('C:\\xampp\\htdocs\\mli-go-main\\app\\Views\\dashboardpenjual\\profile.php')
 3 SYSTEMPATH\View\View.php(216): CodeIgniter\View\View->CodeIgniter\View\{closure}()
 4 SYSTEMPATH\Common.php(1184): CodeIgniter\View\View->render('dashboardpenjual/profile', [], true)
 5 APPPATH\Controllers\Dashboardpenjual.php(27): view('dashboardpenjual/profile')
 6 SYSTEMPATH\CodeIgniter.php(934): App\Controllers\Dashboardpenjual->profilepenjual()
 7 SYSTEMPATH\CodeIgniter.php(499): CodeIgniter\CodeIgniter->runController(Object(App\Controllers\Dashboardpenjual))
 8 SYSTEMPATH\CodeIgniter.php(368): CodeIgniter\CodeIgniter->handleRequest(null, Object(Config\Cache), false)
 9 FCPATH\index.php(67): CodeIgniter\CodeIgniter->run()
10 SYSTEMPATH\Commands\Server\rewrite.php(47): require_once('C:\\xampp\\htdocs\\mli-go-main\\public\\index.php')
CRITICAL - 2023-06-25 03:47:25 --> Undefined variable $user
in APPPATH\Views\dashboard\profile.php on line 21.
 1 APPPATH\Views\dashboard\profile.php(21): CodeIgniter\Debug\Exceptions->errorHandler(2, 'Undefined variable $user', 'C:\\xampp\\htdocs\\mli-go-main\\app\\Views\\dashboard\\profile.php', 21)
 2 SYSTEMPATH\View\View.php(213): include('C:\\xampp\\htdocs\\mli-go-main\\app\\Views\\dashboard\\profile.php')
 3 SYSTEMPATH\View\View.php(216): CodeIgniter\View\View->CodeIgniter\View\{closure}()
 4 SYSTEMPATH\Common.php(1184): CodeIgniter\View\View->render('dashboard/profile', [], true)
 5 APPPATH\Controllers\Dashboard.php(27): view('dashboard/profile')
 6 SYSTEMPATH\CodeIgniter.php(934): App\Controllers\Dashboard->profile()
 7 SYSTEMPATH\CodeIgniter.php(499): CodeIgniter\CodeIgniter->runController(Object(App\Controllers\Dashboard))
 8 SYSTEMPATH\CodeIgniter.php(368): CodeIgniter\CodeIgniter->handleRequest(null, Object(Config\Cache), false)
 9 FCPATH\index.php(67): CodeIgniter\CodeIgniter->run()
10 SYSTEMPATH\Commands\Server\rewrite.php(47): require_once('C:\\xampp\\htdocs\\mli-go-main\\public\\index.php')
CRITICAL - 2023-06-25 03:48:39 --> Undefined variable $user
in APPPATH\Views\dashboard\profile.php on line 21.
 1 APPPATH\Views\dashboard\profile.php(21): CodeIgniter\Debug\Exceptions->errorHandler(2, 'Undefined variable $user', 'C:\\xampp\\htdocs\\mli-go-main\\app\\Views\\dashboard\\profile.php', 21)
 2 SYSTEMPATH\View\View.php(213): include('C:\\xampp\\htdocs\\mli-go-main\\app\\Views\\dashboard\\profile.php')
 3 SYSTEMPATH\View\View.php(216): CodeIgniter\View\View->CodeIgniter\View\{closure}()
 4 SYSTEMPATH\Common.php(1184): CodeIgniter\View\View->render('dashboard/profile', [], true)
 5 APPPATH\Controllers\Dashboard.php(27): view('dashboard/profile')
 6 SYSTEMPATH\CodeIgniter.php(934): App\Controllers\Dashboard->profile()
 7 SYSTEMPATH\CodeIgniter.php(499): CodeIgniter\CodeIgniter->runController(Object(App\Controllers\Dashboard))
 8 SYSTEMPATH\CodeIgniter.php(368): CodeIgniter\CodeIgniter->handleRequest(null, Object(Config\Cache), false)
 9 FCPATH\index.php(67): CodeIgniter\CodeIgniter->run()
10 SYSTEMPATH\Commands\Server\rewrite.php(47): require_once('C:\\xampp\\htdocs\\mli-go-main\\public\\index.php')
CRITICAL - 2023-06-25 03:48:46 --> Undefined variable $user
in APPPATH\Views\dashboard\profile.php on line 21.
 1 APPPATH\Views\dashboard\profile.php(21): CodeIgniter\Debug\Exceptions->errorHandler(2, 'Undefined variable $user', 'C:\\xampp\\htdocs\\mli-go-main\\app\\Views\\dashboard\\profile.php', 21)
 2 SYSTEMPATH\View\View.php(213): include('C:\\xampp\\htdocs\\mli-go-main\\app\\Views\\dashboard\\profile.php')
 3 SYSTEMPATH\View\View.php(216): CodeIgniter\View\View->CodeIgniter\View\{closure}()
 4 SYSTEMPATH\Common.php(1184): CodeIgniter\View\View->render('dashboard/profile', [], true)
 5 APPPATH\Controllers\Dashboard.php(27): view('dashboard/profile')
 6 SYSTEMPATH\CodeIgniter.php(934): App\Controllers\Dashboard->profile()
 7 SYSTEMPATH\CodeIgniter.php(499): CodeIgniter\CodeIgniter->runController(Object(App\Controllers\Dashboard))
 8 SYSTEMPATH\CodeIgniter.php(368): CodeIgniter\CodeIgniter->handleRequest(null, Object(Config\Cache), false)
 9 FCPATH\index.php(67): CodeIgniter\CodeIgniter->run()
10 SYSTEMPATH\Commands\Server\rewrite.php(47): require_once('C:\\xampp\\htdocs\\mli-go-main\\public\\index.php')
CRITICAL - 2023-06-25 03:50:39 --> Undefined variable $user
in APPPATH\Views\dashboard\profile.php on line 16.
 1 APPPATH\Views\dashboard\profile.php(16): CodeIgniter\Debug\Exceptions->errorHandler(2, 'Undefined variable $user', 'C:\\xampp\\htdocs\\mli-go-main\\app\\Views\\dashboard\\profile.php', 16)
 2 SYSTEMPATH\View\View.php(213): include('C:\\xampp\\htdocs\\mli-go-main\\app\\Views\\dashboard\\profile.php')
 3 SYSTEMPATH\View\View.php(216): CodeIgniter\View\View->CodeIgniter\View\{closure}()
 4 SYSTEMPATH\Common.php(1184): CodeIgniter\View\View->render('dashboard/profile', [], true)
 5 APPPATH\Controllers\Dashboard.php(27): view('dashboard/profile')
 6 SYSTEMPATH\CodeIgniter.php(934): App\Controllers\Dashboard->profile()
 7 SYSTEMPATH\CodeIgniter.php(499): CodeIgniter\CodeIgniter->runController(Object(App\Controllers\Dashboard))
 8 SYSTEMPATH\CodeIgniter.php(368): CodeIgniter\CodeIgniter->handleRequest(null, Object(Config\Cache), false)
 9 FCPATH\index.php(67): CodeIgniter\CodeIgniter->run()
10 SYSTEMPATH\Commands\Server\rewrite.php(47): require_once('C:\\xampp\\htdocs\\mli-go-main\\public\\index.php')
CRITICAL - 2023-06-25 03:52:48 --> Undefined variable $user
in APPPATH\Views\dashboard\profile.php on line 16.
 1 APPPATH\Views\dashboard\profile.php(16): CodeIgniter\Debug\Exceptions->errorHandler(2, 'Undefined variable $user', 'C:\\xampp\\htdocs\\mli-go-main\\app\\Views\\dashboard\\profile.php', 16)
 2 SYSTEMPATH\View\View.php(213): include('C:\\xampp\\htdocs\\mli-go-main\\app\\Views\\dashboard\\profile.php')
 3 SYSTEMPATH\View\View.php(216): CodeIgniter\View\View->CodeIgniter\View\{closure}()
 4 SYSTEMPATH\Common.php(1184): CodeIgniter\View\View->render('dashboard/profile', [], true)
 5 APPPATH\Controllers\Dashboard.php(27): view('dashboard/profile')
 6 SYSTEMPATH\CodeIgniter.php(934): App\Controllers\Dashboard->profile()
 7 SYSTEMPATH\CodeIgniter.php(499): CodeIgniter\CodeIgniter->runController(Object(App\Controllers\Dashboard))
 8 SYSTEMPATH\CodeIgniter.php(368): CodeIgniter\CodeIgniter->handleRequest(null, Object(Config\Cache), false)
 9 FCPATH\index.php(67): CodeIgniter\CodeIgniter->run()
10 SYSTEMPATH\Commands\Server\rewrite.php(47): require_once('C:\\xampp\\htdocs\\mli-go-main\\public\\index.php')
CRITICAL - 2023-06-25 03:53:04 --> Undefined variable $user
in APPPATH\Views\dashboardpenjual\profile.php on line 21.
 1 APPPATH\Views\dashboardpenjual\profile.php(21): CodeIgniter\Debug\Exceptions->errorHandler(2, 'Undefined variable $user', 'C:\\xampp\\htdocs\\mli-go-main\\app\\Views\\dashboardpenjual\\profile.php', 21)
 2 SYSTEMPATH\View\View.php(213): include('C:\\xampp\\htdocs\\mli-go-main\\app\\Views\\dashboardpenjual\\profile.php')
 3 SYSTEMPATH\View\View.php(216): CodeIgniter\View\View->CodeIgniter\View\{closure}()
 4 SYSTEMPATH\Common.php(1184): CodeIgniter\View\View->render('dashboardpenjual/profile', [], true)
 5 APPPATH\Controllers\Dashboardpenjual.php(27): view('dashboardpenjual/profile')
 6 SYSTEMPATH\CodeIgniter.php(934): App\Controllers\Dashboardpenjual->profilepenjual()
 7 SYSTEMPATH\CodeIgniter.php(499): CodeIgniter\CodeIgniter->runController(Object(App\Controllers\Dashboardpenjual))
 8 SYSTEMPATH\CodeIgniter.php(368): CodeIgniter\CodeIgniter->handleRequest(null, Object(Config\Cache), false)
 9 FCPATH\index.php(67): CodeIgniter\CodeIgniter->run()
10 SYSTEMPATH\Commands\Server\rewrite.php(47): require_once('C:\\xampp\\htdocs\\mli-go-main\\public\\index.php')
CRITICAL - 2023-06-25 03:53:24 --> Undefined variable $user
in APPPATH\Views\dashboard\profile.php on line 16.
 1 APPPATH\Views\dashboard\profile.php(16): CodeIgniter\Debug\Exceptions->errorHandler(2, 'Undefined variable $user', 'C:\\xampp\\htdocs\\mli-go-main\\app\\Views\\dashboard\\profile.php', 16)
 2 SYSTEMPATH\View\View.php(213): include('C:\\xampp\\htdocs\\mli-go-main\\app\\Views\\dashboard\\profile.php')
 3 SYSTEMPATH\View\View.php(216): CodeIgniter\View\View->CodeIgniter\View\{closure}()
 4 SYSTEMPATH\Common.php(1184): CodeIgniter\View\View->render('dashboard/profile', [], true)
 5 APPPATH\Controllers\Dashboard.php(27): view('dashboard/profile')
 6 SYSTEMPATH\CodeIgniter.php(934): App\Controllers\Dashboard->profile()
 7 SYSTEMPATH\CodeIgniter.php(499): CodeIgniter\CodeIgniter->runController(Object(App\Controllers\Dashboard))
 8 SYSTEMPATH\CodeIgniter.php(368): CodeIgniter\CodeIgniter->handleRequest(null, Object(Config\Cache), false)
 9 FCPATH\index.php(67): CodeIgniter\CodeIgniter->run()
10 SYSTEMPATH\Commands\Server\rewrite.php(47): require_once('C:\\xampp\\htdocs\\mli-go-main\\public\\index.php')
CRITICAL - 2023-06-25 03:58:47 --> Undefined variable $user
in APPPATH\Views\dashboard\profile.php on line 16.
 1 APPPATH\Views\dashboard\profile.php(16): CodeIgniter\Debug\Exceptions->errorHandler(2, 'Undefined variable $user', 'C:\\xampp\\htdocs\\mli-go-main\\app\\Views\\dashboard\\profile.php', 16)
 2 SYSTEMPATH\View\View.php(213): include('C:\\xampp\\htdocs\\mli-go-main\\app\\Views\\dashboard\\profile.php')
 3 SYSTEMPATH\View\View.php(216): CodeIgniter\View\View->CodeIgniter\View\{closure}()
 4 SYSTEMPATH\Common.php(1184): CodeIgniter\View\View->render('dashboard/profile', [], true)
 5 APPPATH\Controllers\Dashboard.php(27): view('dashboard/profile')
 6 SYSTEMPATH\CodeIgniter.php(934): App\Controllers\Dashboard->profile()
 7 SYSTEMPATH\CodeIgniter.php(499): CodeIgniter\CodeIgniter->runController(Object(App\Controllers\Dashboard))
 8 SYSTEMPATH\CodeIgniter.php(368): CodeIgniter\CodeIgniter->handleRequest(null, Object(Config\Cache), false)
 9 FCPATH\index.php(67): CodeIgniter\CodeIgniter->run()
10 SYSTEMPATH\Commands\Server\rewrite.php(47): require_once('C:\\xampp\\htdocs\\mli-go-main\\public\\index.php')
CRITICAL - 2023-06-25 04:00:15 --> Undefined variable $user
in APPPATH\Views\dashboard\profile.php on line 16.
 1 APPPATH\Views\dashboard\profile.php(16): CodeIgniter\Debug\Exceptions->errorHandler(2, 'Undefined variable $user', 'C:\\xampp\\htdocs\\mli-go-main\\app\\Views\\dashboard\\profile.php', 16)
 2 SYSTEMPATH\View\View.php(213): include('C:\\xampp\\htdocs\\mli-go-main\\app\\Views\\dashboard\\profile.php')
 3 SYSTEMPATH\View\View.php(216): CodeIgniter\View\View->CodeIgniter\View\{closure}()
 4 SYSTEMPATH\Common.php(1184): CodeIgniter\View\View->render('dashboard/profile', [], true)
 5 APPPATH\Controllers\Dashboard.php(27): view('dashboard/profile')
 6 SYSTEMPATH\CodeIgniter.php(934): App\Controllers\Dashboard->profile()
 7 SYSTEMPATH\CodeIgniter.php(499): CodeIgniter\CodeIgniter->runController(Object(App\Controllers\Dashboard))
 8 SYSTEMPATH\CodeIgniter.php(368): CodeIgniter\CodeIgniter->handleRequest(null, Object(Config\Cache), false)
 9 FCPATH\index.php(67): CodeIgniter\CodeIgniter->run()
10 SYSTEMPATH\Commands\Server\rewrite.php(47): require_once('C:\\xampp\\htdocs\\mli-go-main\\public\\index.php')
CRITICAL - 2023-06-25 04:00:21 --> Undefined variable $user
in APPPATH\Views\dashboard\profile.php on line 16.
 1 APPPATH\Views\dashboard\profile.php(16): CodeIgniter\Debug\Exceptions->errorHandler(2, 'Undefined variable $user', 'C:\\xampp\\htdocs\\mli-go-main\\app\\Views\\dashboard\\profile.php', 16)
 2 SYSTEMPATH\View\View.php(213): include('C:\\xampp\\htdocs\\mli-go-main\\app\\Views\\dashboard\\profile.php')
 3 SYSTEMPATH\View\View.php(216): CodeIgniter\View\View->CodeIgniter\View\{closure}()
 4 SYSTEMPATH\Common.php(1184): CodeIgniter\View\View->render('dashboard/profile', [], true)
 5 APPPATH\Controllers\Dashboard.php(27): view('dashboard/profile')
 6 SYSTEMPATH\CodeIgniter.php(934): App\Controllers\Dashboard->profile()
 7 SYSTEMPATH\CodeIgniter.php(499): CodeIgniter\CodeIgniter->runController(Object(App\Controllers\Dashboard))
 8 SYSTEMPATH\CodeIgniter.php(368): CodeIgniter\CodeIgniter->handleRequest(null, Object(Config\Cache), false)
 9 FCPATH\index.php(67): CodeIgniter\CodeIgniter->run()
10 SYSTEMPATH\Commands\Server\rewrite.php(47): require_once('C:\\xampp\\htdocs\\mli-go-main\\public\\index.php')
CRITICAL - 2023-06-25 04:00:46 --> Undefined variable $user
in APPPATH\Views\dashboard\profile.php on line 16.
 1 APPPATH\Views\dashboard\profile.php(16): CodeIgniter\Debug\Exceptions->errorHandler(2, 'Undefined variable $user', 'C:\\xampp\\htdocs\\mli-go-main\\app\\Views\\dashboard\\profile.php', 16)
 2 SYSTEMPATH\View\View.php(213): include('C:\\xampp\\htdocs\\mli-go-main\\app\\Views\\dashboard\\profile.php')
 3 SYSTEMPATH\View\View.php(216): CodeIgniter\View\View->CodeIgniter\View\{closure}()
 4 SYSTEMPATH\Common.php(1184): CodeIgniter\View\View->render('dashboard/profile', [], true)
 5 APPPATH\Controllers\Dashboard.php(27): view('dashboard/profile')
 6 SYSTEMPATH\CodeIgniter.php(934): App\Controllers\Dashboard->profile()
 7 SYSTEMPATH\CodeIgniter.php(499): CodeIgniter\CodeIgniter->runController(Object(App\Controllers\Dashboard))
 8 SYSTEMPATH\CodeIgniter.php(368): CodeIgniter\CodeIgniter->handleRequest(null, Object(Config\Cache), false)
 9 FCPATH\index.php(67): CodeIgniter\CodeIgniter->run()
10 SYSTEMPATH\Commands\Server\rewrite.php(47): require_once('C:\\xampp\\htdocs\\mli-go-main\\public\\index.php')
CRITICAL - 2023-06-25 04:01:13 --> Undefined variable $user
in APPPATH\Views\dashboard\profile.php on line 16.
 1 APPPATH\Views\dashboard\profile.php(16): CodeIgniter\Debug\Exceptions->errorHandler(2, 'Undefined variable $user', 'C:\\xampp\\htdocs\\mli-go-main\\app\\Views\\dashboard\\profile.php', 16)
 2 SYSTEMPATH\View\View.php(213): include('C:\\xampp\\htdocs\\mli-go-main\\app\\Views\\dashboard\\profile.php')
 3 SYSTEMPATH\View\View.php(216): CodeIgniter\View\View->CodeIgniter\View\{closure}()
 4 SYSTEMPATH\Common.php(1184): CodeIgniter\View\View->render('dashboard/profile', [], true)
 5 APPPATH\Controllers\Dashboard.php(27): view('dashboard/profile')
 6 SYSTEMPATH\CodeIgniter.php(934): App\Controllers\Dashboard->profile()
 7 SYSTEMPATH\CodeIgniter.php(499): CodeIgniter\CodeIgniter->runController(Object(App\Controllers\Dashboard))
 8 SYSTEMPATH\CodeIgniter.php(368): CodeIgniter\CodeIgniter->handleRequest(null, Object(Config\Cache), false)
 9 FCPATH\index.php(67): CodeIgniter\CodeIgniter->run()
10 SYSTEMPATH\Commands\Server\rewrite.php(47): require_once('C:\\xampp\\htdocs\\mli-go-main\\public\\index.php')
CRITICAL - 2023-06-25 04:02:51 --> Undefined variable $user
in APPPATH\Views\dashboard\profile.php on line 16.
 1 APPPATH\Views\dashboard\profile.php(16): CodeIgniter\Debug\Exceptions->errorHandler(2, 'Undefined variable $user', 'C:\\xampp\\htdocs\\mli-go-main\\app\\Views\\dashboard\\profile.php', 16)
 2 SYSTEMPATH\View\View.php(213): include('C:\\xampp\\htdocs\\mli-go-main\\app\\Views\\dashboard\\profile.php')
 3 SYSTEMPATH\View\View.php(216): CodeIgniter\View\View->CodeIgniter\View\{closure}()
 4 SYSTEMPATH\Common.php(1184): CodeIgniter\View\View->render('dashboard/profile', [], true)
 5 APPPATH\Controllers\Dashboard.php(27): view('dashboard/profile')
 6 SYSTEMPATH\CodeIgniter.php(934): App\Controllers\Dashboard->profile()
 7 SYSTEMPATH\CodeIgniter.php(499): CodeIgniter\CodeIgniter->runController(Object(App\Controllers\Dashboard))
 8 SYSTEMPATH\CodeIgniter.php(368): CodeIgniter\CodeIgniter->handleRequest(null, Object(Config\Cache), false)
 9 FCPATH\index.php(67): CodeIgniter\CodeIgniter->run()
10 SYSTEMPATH\Commands\Server\rewrite.php(47): require_once('C:\\xampp\\htdocs\\mli-go-main\\public\\index.php')
CRITICAL - 2023-06-25 04:03:12 --> Undefined variable $user
in APPPATH\Views\dashboard\profile.php on line 16.
 1 APPPATH\Views\dashboard\profile.php(16): CodeIgniter\Debug\Exceptions->errorHandler(2, 'Undefined variable $user', 'C:\\xampp\\htdocs\\mli-go-main\\app\\Views\\dashboard\\profile.php', 16)
 2 SYSTEMPATH\View\View.php(213): include('C:\\xampp\\htdocs\\mli-go-main\\app\\Views\\dashboard\\profile.php')
 3 SYSTEMPATH\View\View.php(216): CodeIgniter\View\View->CodeIgniter\View\{closure}()
 4 SYSTEMPATH\Common.php(1184): CodeIgniter\View\View->render('dashboard/profile', [], true)
 5 APPPATH\Controllers\Dashboard.php(27): view('dashboard/profile')
 6 SYSTEMPATH\CodeIgniter.php(934): App\Controllers\Dashboard->profile()
 7 SYSTEMPATH\CodeIgniter.php(499): CodeIgniter\CodeIgniter->runController(Object(App\Controllers\Dashboard))
 8 SYSTEMPATH\CodeIgniter.php(368): CodeIgniter\CodeIgniter->handleRequest(null, Object(Config\Cache), false)
 9 FCPATH\index.php(67): CodeIgniter\CodeIgniter->run()
10 SYSTEMPATH\Commands\Server\rewrite.php(47): require_once('C:\\xampp\\htdocs\\mli-go-main\\public\\index.php')
CRITICAL - 2023-06-25 04:03:17 --> Undefined variable $user
in APPPATH\Views\dashboard\profile.php on line 16.
 1 APPPATH\Views\dashboard\profile.php(16): CodeIgniter\Debug\Exceptions->errorHandler(2, 'Undefined variable $user', 'C:\\xampp\\htdocs\\mli-go-main\\app\\Views\\dashboard\\profile.php', 16)
 2 SYSTEMPATH\View\View.php(213): include('C:\\xampp\\htdocs\\mli-go-main\\app\\Views\\dashboard\\profile.php')
 3 SYSTEMPATH\View\View.php(216): CodeIgniter\View\View->CodeIgniter\View\{closure}()
 4 SYSTEMPATH\Common.php(1184): CodeIgniter\View\View->render('dashboard/profile', [], true)
 5 APPPATH\Controllers\Dashboard.php(27): view('dashboard/profile')
 6 SYSTEMPATH\CodeIgniter.php(934): App\Controllers\Dashboard->profile()
 7 SYSTEMPATH\CodeIgniter.php(499): CodeIgniter\CodeIgniter->runController(Object(App\Controllers\Dashboard))
 8 SYSTEMPATH\CodeIgniter.php(368): CodeIgniter\CodeIgniter->handleRequest(null, Object(Config\Cache), false)
 9 FCPATH\index.php(67): CodeIgniter\CodeIgniter->run()
10 SYSTEMPATH\Commands\Server\rewrite.php(47): require_once('C:\\xampp\\htdocs\\mli-go-main\\public\\index.php')
CRITICAL - 2023-06-25 04:10:12 --> Undefined variable $user
in APPPATH\Views\dashboard\profile.php on line 16.
 1 APPPATH\Views\dashboard\profile.php(16): CodeIgniter\Debug\Exceptions->errorHandler(2, 'Undefined variable $user', 'C:\\xampp\\htdocs\\mli-go-main\\app\\Views\\dashboard\\profile.php', 16)
 2 SYSTEMPATH\View\View.php(213): include('C:\\xampp\\htdocs\\mli-go-main\\app\\Views\\dashboard\\profile.php')
 3 SYSTEMPATH\View\View.php(216): CodeIgniter\View\View->CodeIgniter\View\{closure}()
 4 SYSTEMPATH\Common.php(1184): CodeIgniter\View\View->render('dashboard/profile', [], true)
 5 APPPATH\Controllers\Dashboard.php(27): view('dashboard/profile')
 6 SYSTEMPATH\CodeIgniter.php(934): App\Controllers\Dashboard->profile()
 7 SYSTEMPATH\CodeIgniter.php(499): CodeIgniter\CodeIgniter->runController(Object(App\Controllers\Dashboard))
 8 SYSTEMPATH\CodeIgniter.php(368): CodeIgniter\CodeIgniter->handleRequest(null, Object(Config\Cache), false)
 9 FCPATH\index.php(67): CodeIgniter\CodeIgniter->run()
10 SYSTEMPATH\Commands\Server\rewrite.php(47): require_once('C:\\xampp\\htdocs\\mli-go-main\\public\\index.php')
CRITICAL - 2023-06-25 04:14:18 --> Undefined variable $products
in APPPATH\Views\dashboard\product.php on line 46.
 1 APPPATH\Views\dashboard\product.php(46): CodeIgniter\Debug\Exceptions->errorHandler(2, 'Undefined variable $products', 'C:\\xampp\\htdocs\\mli-go-main\\app\\Views\\dashboard\\product.php', 46)
 2 SYSTEMPATH\View\View.php(213): include('C:\\xampp\\htdocs\\mli-go-main\\app\\Views\\dashboard\\product.php')
 3 SYSTEMPATH\View\View.php(216): CodeIgniter\View\View->CodeIgniter\View\{closure}()
 4 SYSTEMPATH\Common.php(1184): CodeIgniter\View\View->render('dashboard/product', [], true)
 5 APPPATH\Controllers\Dashboard.php(38): view('dashboard/product')
 6 SYSTEMPATH\CodeIgniter.php(934): App\Controllers\Dashboard->product()
 7 SYSTEMPATH\CodeIgniter.php(499): CodeIgniter\CodeIgniter->runController(Object(App\Controllers\Dashboard))
 8 SYSTEMPATH\CodeIgniter.php(368): CodeIgniter\CodeIgniter->handleRequest(null, Object(Config\Cache), false)
 9 FCPATH\index.php(67): CodeIgniter\CodeIgniter->run()
10 SYSTEMPATH\Commands\Server\rewrite.php(47): require_once('C:\\xampp\\htdocs\\mli-go-main\\public\\index.php')
CRITICAL - 2023-06-25 04:17:12 --> Undefined variable $products
in APPPATH\Views\dashboard\product.php on line 46.
 1 APPPATH\Views\dashboard\product.php(46): CodeIgniter\Debug\Exceptions->errorHandler(2, 'Undefined variable $products', 'C:\\xampp\\htdocs\\mli-go-main\\app\\Views\\dashboard\\product.php', 46)
 2 SYSTEMPATH\View\View.php(213): include('C:\\xampp\\htdocs\\mli-go-main\\app\\Views\\dashboard\\product.php')
 3 SYSTEMPATH\View\View.php(216): CodeIgniter\View\View->CodeIgniter\View\{closure}()
 4 SYSTEMPATH\Common.php(1184): CodeIgniter\View\View->render('dashboard/product', [], true)
 5 APPPATH\Controllers\Dashboard.php(38): view('dashboard/product')
 6 SYSTEMPATH\CodeIgniter.php(934): App\Controllers\Dashboard->product()
 7 SYSTEMPATH\CodeIgniter.php(499): CodeIgniter\CodeIgniter->runController(Object(App\Controllers\Dashboard))
 8 SYSTEMPATH\CodeIgniter.php(368): CodeIgniter\CodeIgniter->handleRequest(null, Object(Config\Cache), false)
 9 FCPATH\index.php(67): CodeIgniter\CodeIgniter->run()
10 SYSTEMPATH\Commands\Server\rewrite.php(47): require_once('C:\\xampp\\htdocs\\mli-go-main\\public\\index.php')
CRITICAL - 2023-06-25 04:17:29 --> Undefined variable $products
in APPPATH\Views\dashboard\product.php on line 46.
 1 APPPATH\Views\dashboard\product.php(46): CodeIgniter\Debug\Exceptions->errorHandler(2, 'Undefined variable $products', 'C:\\xampp\\htdocs\\mli-go-main\\app\\Views\\dashboard\\product.php', 46)
 2 SYSTEMPATH\View\View.php(213): include('C:\\xampp\\htdocs\\mli-go-main\\app\\Views\\dashboard\\product.php')
 3 SYSTEMPATH\View\View.php(216): CodeIgniter\View\View->CodeIgniter\View\{closure}()
 4 SYSTEMPATH\Common.php(1184): CodeIgniter\View\View->render('dashboard/product', [], true)
 5 APPPATH\Controllers\Dashboard.php(38): view('dashboard/product')
 6 SYSTEMPATH\CodeIgniter.php(934): App\Controllers\Dashboard->product()
 7 SYSTEMPATH\CodeIgniter.php(499): CodeIgniter\CodeIgniter->runController(Object(App\Controllers\Dashboard))
 8 SYSTEMPATH\CodeIgniter.php(368): CodeIgniter\CodeIgniter->handleRequest(null, Object(Config\Cache), false)
 9 FCPATH\index.php(67): CodeIgniter\CodeIgniter->run()
10 SYSTEMPATH\Commands\Server\rewrite.php(47): require_once('C:\\xampp\\htdocs\\mli-go-main\\public\\index.php')
CRITICAL - 2023-06-25 04:19:09 --> Undefined variable $products
in APPPATH\Views\dashboard\product.php on line 46.
 1 APPPATH\Views\dashboard\product.php(46): CodeIgniter\Debug\Exceptions->errorHandler(2, 'Undefined variable $products', 'C:\\xampp\\htdocs\\mli-go-main\\app\\Views\\dashboard\\product.php', 46)
 2 SYSTEMPATH\View\View.php(213): include('C:\\xampp\\htdocs\\mli-go-main\\app\\Views\\dashboard\\product.php')
 3 SYSTEMPATH\View\View.php(216): CodeIgniter\View\View->CodeIgniter\View\{closure}()
 4 SYSTEMPATH\Common.php(1184): CodeIgniter\View\View->render('dashboard/product', [], true)
 5 APPPATH\Controllers\Dashboard.php(38): view('dashboard/product')
 6 SYSTEMPATH\CodeIgniter.php(934): App\Controllers\Dashboard->product()
 7 SYSTEMPATH\CodeIgniter.php(499): CodeIgniter\CodeIgniter->runController(Object(App\Controllers\Dashboard))
 8 SYSTEMPATH\CodeIgniter.php(368): CodeIgniter\CodeIgniter->handleRequest(null, Object(Config\Cache), false)
 9 FCPATH\index.php(67): CodeIgniter\CodeIgniter->run()
10 SYSTEMPATH\Commands\Server\rewrite.php(47): require_once('C:\\xampp\\htdocs\\mli-go-main\\public\\index.php')
CRITICAL - 2023-06-25 04:19:50 --> Undefined variable $products
in APPPATH\Views\dashboard\product.php on line 46.
 1 APPPATH\Views\dashboard\product.php(46): CodeIgniter\Debug\Exceptions->errorHandler(2, 'Undefined variable $products', 'C:\\xampp\\htdocs\\mli-go-main\\app\\Views\\dashboard\\product.php', 46)
 2 SYSTEMPATH\View\View.php(213): include('C:\\xampp\\htdocs\\mli-go-main\\app\\Views\\dashboard\\product.php')
 3 SYSTEMPATH\View\View.php(216): CodeIgniter\View\View->CodeIgniter\View\{closure}()
 4 SYSTEMPATH\Common.php(1184): CodeIgniter\View\View->render('dashboard/product', [], true)
 5 APPPATH\Controllers\Dashboard.php(38): view('dashboard/product')
 6 SYSTEMPATH\CodeIgniter.php(934): App\Controllers\Dashboard->product()
 7 SYSTEMPATH\CodeIgniter.php(499): CodeIgniter\CodeIgniter->runController(Object(App\Controllers\Dashboard))
 8 SYSTEMPATH\CodeIgniter.php(368): CodeIgniter\CodeIgniter->handleRequest(null, Object(Config\Cache), false)
 9 FCPATH\index.php(67): CodeIgniter\CodeIgniter->run()
10 SYSTEMPATH\Commands\Server\rewrite.php(47): require_once('C:\\xampp\\htdocs\\mli-go-main\\public\\index.php')
CRITICAL - 2023-06-25 11:07:30 --> Undefined variable $user
in APPPATH\Views\dashboard\profile.php on line 16.
 1 APPPATH\Views\dashboard\profile.php(16): CodeIgniter\Debug\Exceptions->errorHandler(2, 'Undefined variable $user', 'C:\\xampp\\htdocs\\mli-go-main\\app\\Views\\dashboard\\profile.php', 16)
 2 SYSTEMPATH\View\View.php(213): include('C:\\xampp\\htdocs\\mli-go-main\\app\\Views\\dashboard\\profile.php')
 3 SYSTEMPATH\View\View.php(216): CodeIgniter\View\View->CodeIgniter\View\{closure}()
 4 SYSTEMPATH\Common.php(1184): CodeIgniter\View\View->render('dashboard/profile', [], true)
 5 APPPATH\Controllers\Dashboard.php(27): view('dashboard/profile')
 6 SYSTEMPATH\CodeIgniter.php(934): App\Controllers\Dashboard->profile()
 7 SYSTEMPATH\CodeIgniter.php(499): CodeIgniter\CodeIgniter->runController(Object(App\Controllers\Dashboard))
 8 SYSTEMPATH\CodeIgniter.php(368): CodeIgniter\CodeIgniter->handleRequest(null, Object(Config\Cache), false)
 9 FCPATH\index.php(67): CodeIgniter\CodeIgniter->run()
10 SYSTEMPATH\Commands\Server\rewrite.php(47): require_once('C:\\xampp\\htdocs\\mli-go-main\\public\\index.php')
CRITICAL - 2023-06-25 11:17:05 --> Class "App\Controllers\UserModel" not found
in APPPATH\Controllers\Dashboard.php on line 26.
 1 SYSTEMPATH\CodeIgniter.php(934): App\Controllers\Dashboard->profile()
 2 SYSTEMPATH\CodeIgniter.php(499): CodeIgniter\CodeIgniter->runController(Object(App\Controllers\Dashboard))
 3 SYSTEMPATH\CodeIgniter.php(368): CodeIgniter\CodeIgniter->handleRequest(null, Object(Config\Cache), false)
 4 FCPATH\index.php(67): CodeIgniter\CodeIgniter->run()
 5 SYSTEMPATH\Commands\Server\rewrite.php(47): require_once('C:\\xampp\\htdocs\\mli-go-main\\public\\index.php')
CRITICAL - 2023-06-25 11:17:16 --> Class "App\Controllers\UserModel" not found
in APPPATH\Controllers\Dashboard.php on line 26.
 1 SYSTEMPATH\CodeIgniter.php(934): App\Controllers\Dashboard->profile()
 2 SYSTEMPATH\CodeIgniter.php(499): CodeIgniter\CodeIgniter->runController(Object(App\Controllers\Dashboard))
 3 SYSTEMPATH\CodeIgniter.php(368): CodeIgniter\CodeIgniter->handleRequest(null, Object(Config\Cache), false)
 4 FCPATH\index.php(67): CodeIgniter\CodeIgniter->run()
 5 SYSTEMPATH\Commands\Server\rewrite.php(47): require_once('C:\\xampp\\htdocs\\mli-go-main\\public\\index.php')
CRITICAL - 2023-06-25 11:18:20 --> Undefined variable $NoHp
in APPPATH\Controllers\Dashboard.php on line 29.
 1 APPPATH\Controllers\Dashboard.php(29): CodeIgniter\Debug\Exceptions->errorHandler(2, 'Undefined variable $NoHp', 'C:\\xampp\\htdocs\\mli-go-main\\app\\Controllers\\Dashboard.php', 29)
 2 SYSTEMPATH\CodeIgniter.php(934): App\Controllers\Dashboard->profile()
 3 SYSTEMPATH\CodeIgniter.php(499): CodeIgniter\CodeIgniter->runController(Object(App\Controllers\Dashboard))
 4 SYSTEMPATH\CodeIgniter.php(368): CodeIgniter\CodeIgniter->handleRequest(null, Object(Config\Cache), false)
 5 FCPATH\index.php(67): CodeIgniter\CodeIgniter->run()
 6 SYSTEMPATH\Commands\Server\rewrite.php(47): require_once('C:\\xampp\\htdocs\\mli-go-main\\public\\index.php')
CRITICAL - 2023-06-25 11:18:50 --> Undefined variable $NoHp
in APPPATH\Controllers\Dashboard.php on line 29.
 1 APPPATH\Controllers\Dashboard.php(29): CodeIgniter\Debug\Exceptions->errorHandler(2, 'Undefined variable $NoHp', 'C:\\xampp\\htdocs\\mli-go-main\\app\\Controllers\\Dashboard.php', 29)
 2 SYSTEMPATH\CodeIgniter.php(934): App\Controllers\Dashboard->profile()
 3 SYSTEMPATH\CodeIgniter.php(499): CodeIgniter\CodeIgniter->runController(Object(App\Controllers\Dashboard))
 4 SYSTEMPATH\CodeIgniter.php(368): CodeIgniter\CodeIgniter->handleRequest(null, Object(Config\Cache), false)
 5 FCPATH\index.php(67): CodeIgniter\CodeIgniter->run()
 6 SYSTEMPATH\Commands\Server\rewrite.php(47): require_once('C:\\xampp\\htdocs\\mli-go-main\\public\\index.php')
CRITICAL - 2023-06-25 11:31:02 --> Undefined variable $NoHp
in APPPATH\Controllers\Dashboard.php on line 29.
 1 APPPATH\Controllers\Dashboard.php(29): CodeIgniter\Debug\Exceptions->errorHandler(2, 'Undefined variable $NoHp', 'C:\\xampp\\htdocs\\mli-go-main\\app\\Controllers\\Dashboard.php', 29)
 2 SYSTEMPATH\CodeIgniter.php(934): App\Controllers\Dashboard->profile()
 3 SYSTEMPATH\CodeIgniter.php(499): CodeIgniter\CodeIgniter->runController(Object(App\Controllers\Dashboard))
 4 SYSTEMPATH\CodeIgniter.php(368): CodeIgniter\CodeIgniter->handleRequest(null, Object(Config\Cache), false)
 5 FCPATH\index.php(67): CodeIgniter\CodeIgniter->run()
 6 SYSTEMPATH\Commands\Server\rewrite.php(47): require_once('C:\\xampp\\htdocs\\mli-go-main\\public\\index.php')
CRITICAL - 2023-06-25 11:31:07 --> Undefined variable $NoHp
in APPPATH\Controllers\Dashboard.php on line 29.
 1 APPPATH\Controllers\Dashboard.php(29): CodeIgniter\Debug\Exceptions->errorHandler(2, 'Undefined variable $NoHp', 'C:\\xampp\\htdocs\\mli-go-main\\app\\Controllers\\Dashboard.php', 29)
 2 SYSTEMPATH\CodeIgniter.php(934): App\Controllers\Dashboard->profile()
 3 SYSTEMPATH\CodeIgniter.php(499): CodeIgniter\CodeIgniter->runController(Object(App\Controllers\Dashboard))
 4 SYSTEMPATH\CodeIgniter.php(368): CodeIgniter\CodeIgniter->handleRequest(null, Object(Config\Cache), false)
 5 FCPATH\index.php(67): CodeIgniter\CodeIgniter->run()
 6 SYSTEMPATH\Commands\Server\rewrite.php(47): require_once('C:\\xampp\\htdocs\\mli-go-main\\public\\index.php')
CRITICAL - 2023-06-25 11:32:57 --> Undefined variable $NoHp
in APPPATH\Controllers\Dashboard.php on line 29.
 1 APPPATH\Controllers\Dashboard.php(29): CodeIgniter\Debug\Exceptions->errorHandler(2, 'Undefined variable $NoHp', 'C:\\xampp\\htdocs\\mli-go-main\\app\\Controllers\\Dashboard.php', 29)
 2 SYSTEMPATH\CodeIgniter.php(934): App\Controllers\Dashboard->profile()
 3 SYSTEMPATH\CodeIgniter.php(499): CodeIgniter\CodeIgniter->runController(Object(App\Controllers\Dashboard))
 4 SYSTEMPATH\CodeIgniter.php(368): CodeIgniter\CodeIgniter->handleRequest(null, Object(Config\Cache), false)
 5 FCPATH\index.php(67): CodeIgniter\CodeIgniter->run()
 6 SYSTEMPATH\Commands\Server\rewrite.php(47): require_once('C:\\xampp\\htdocs\\mli-go-main\\public\\index.php')
CRITICAL - 2023-06-25 11:34:58 --> Undefined variable $NoHp
in APPPATH\Controllers\Dashboard.php on line 29.
 1 APPPATH\Controllers\Dashboard.php(29): CodeIgniter\Debug\Exceptions->errorHandler(2, 'Undefined variable $NoHp', 'C:\\xampp\\htdocs\\mli-go-main\\app\\Controllers\\Dashboard.php', 29)
 2 SYSTEMPATH\CodeIgniter.php(934): App\Controllers\Dashboard->profile()
 3 SYSTEMPATH\CodeIgniter.php(499): CodeIgniter\CodeIgniter->runController(Object(App\Controllers\Dashboard))
 4 SYSTEMPATH\CodeIgniter.php(368): CodeIgniter\CodeIgniter->handleRequest(null, Object(Config\Cache), false)
 5 FCPATH\index.php(67): CodeIgniter\CodeIgniter->run()
 6 SYSTEMPATH\Commands\Server\rewrite.php(47): require_once('C:\\xampp\\htdocs\\mli-go-main\\public\\index.php')
CRITICAL - 2023-06-25 11:35:04 --> Undefined variable $NoHp
in APPPATH\Controllers\Dashboard.php on line 29.
 1 APPPATH\Controllers\Dashboard.php(29): CodeIgniter\Debug\Exceptions->errorHandler(2, 'Undefined variable $NoHp', 'C:\\xampp\\htdocs\\mli-go-main\\app\\Controllers\\Dashboard.php', 29)
 2 SYSTEMPATH\CodeIgniter.php(934): App\Controllers\Dashboard->profile()
 3 SYSTEMPATH\CodeIgniter.php(499): CodeIgniter\CodeIgniter->runController(Object(App\Controllers\Dashboard))
 4 SYSTEMPATH\CodeIgniter.php(368): CodeIgniter\CodeIgniter->handleRequest(null, Object(Config\Cache), false)
 5 FCPATH\index.php(67): CodeIgniter\CodeIgniter->run()
 6 SYSTEMPATH\Commands\Server\rewrite.php(47): require_once('C:\\xampp\\htdocs\\mli-go-main\\public\\index.php')
CRITICAL - 2023-06-25 11:36:04 --> Trying to access array offset on value of type null
in APPPATH\Controllers\Dashboard.php on line 32.
 1 APPPATH\Controllers\Dashboard.php(32): CodeIgniter\Debug\Exceptions->errorHandler(2, 'Trying to access array offset on value of type null', 'C:\\xampp\\htdocs\\mli-go-main\\app\\Controllers\\Dashboard.php', 32)
 2 SYSTEMPATH\CodeIgniter.php(934): App\Controllers\Dashboard->profile()
 3 SYSTEMPATH\CodeIgniter.php(499): CodeIgniter\CodeIgniter->runController(Object(App\Controllers\Dashboard))
 4 SYSTEMPATH\CodeIgniter.php(368): CodeIgniter\CodeIgniter->handleRequest(null, Object(Config\Cache), false)
 5 FCPATH\index.php(67): CodeIgniter\CodeIgniter->run()
 6 SYSTEMPATH\Commands\Server\rewrite.php(47): require_once('C:\\xampp\\htdocs\\mli-go-main\\public\\index.php')
CRITICAL - 2023-06-25 11:36:10 --> Trying to access array offset on value of type null
in APPPATH\Controllers\Dashboard.php on line 32.
 1 APPPATH\Controllers\Dashboard.php(32): CodeIgniter\Debug\Exceptions->errorHandler(2, 'Trying to access array offset on value of type null', 'C:\\xampp\\htdocs\\mli-go-main\\app\\Controllers\\Dashboard.php', 32)
 2 SYSTEMPATH\CodeIgniter.php(934): App\Controllers\Dashboard->profile()
 3 SYSTEMPATH\CodeIgniter.php(499): CodeIgniter\CodeIgniter->runController(Object(App\Controllers\Dashboard))
 4 SYSTEMPATH\CodeIgniter.php(368): CodeIgniter\CodeIgniter->handleRequest(null, Object(Config\Cache), false)
 5 FCPATH\index.php(67): CodeIgniter\CodeIgniter->run()
 6 SYSTEMPATH\Commands\Server\rewrite.php(47): require_once('C:\\xampp\\htdocs\\mli-go-main\\public\\index.php')
CRITICAL - 2023-06-25 11:37:08 --> Trying to access array offset on value of type null
in APPPATH\Views\dashboard\profile.php on line 16.
 1 APPPATH\Views\dashboard\profile.php(16): CodeIgniter\Debug\Exceptions->errorHandler(2, 'Trying to access array offset on value of type null', 'C:\\xampp\\htdocs\\mli-go-main\\app\\Views\\dashboard\\profile.php', 16)
 2 SYSTEMPATH\View\View.php(213): include('C:\\xampp\\htdocs\\mli-go-main\\app\\Views\\dashboard\\profile.php')
 3 SYSTEMPATH\View\View.php(216): CodeIgniter\View\View->CodeIgniter\View\{closure}()
 4 SYSTEMPATH\Common.php(1184): CodeIgniter\View\View->render('dashboard/profile', [], true)
 5 APPPATH\Controllers\Dashboard.php(43): view('dashboard/profile', [...])
 6 SYSTEMPATH\CodeIgniter.php(934): App\Controllers\Dashboard->profile()
 7 SYSTEMPATH\CodeIgniter.php(499): CodeIgniter\CodeIgniter->runController(Object(App\Controllers\Dashboard))
 8 SYSTEMPATH\CodeIgniter.php(368): CodeIgniter\CodeIgniter->handleRequest(null, Object(Config\Cache), false)
 9 FCPATH\index.php(67): CodeIgniter\CodeIgniter->run()
10 SYSTEMPATH\Commands\Server\rewrite.php(47): require_once('C:\\xampp\\htdocs\\mli-go-main\\public\\index.php')
ERROR - 2023-06-25 12:01:00 --> mysqli_sql_exception: Cannot add or update a child row: a foreign key constraint fails (`new`.`profile`, CONSTRAINT `Profile_ibfk_1` FOREIGN KEY (`NoHp`) REFERENCES `login` (`NoHp`)) in C:\xampp\htdocs\mli-go-main\system\Database\MySQLi\Connection.php:295
Stack trace:
#0 C:\xampp\htdocs\mli-go-main\system\Database\MySQLi\Connection.php(295): mysqli->query('INSERT INTO `Pr...', 0)
#1 C:\xampp\htdocs\mli-go-main\system\Database\BaseConnection.php(692): CodeIgniter\Database\MySQLi\Connection->execute('INSERT INTO `Pr...')
#2 C:\xampp\htdocs\mli-go-main\system\Database\BaseConnection.php(606): CodeIgniter\Database\BaseConnection->simpleQuery('INSERT INTO `Pr...')
#3 C:\xampp\htdocs\mli-go-main\system\Database\BaseBuilder.php(2309): CodeIgniter\Database\BaseConnection->query('INSERT INTO `Pr...', Array, false)
#4 C:\xampp\htdocs\mli-go-main\system\Model.php(330): CodeIgniter\Database\BaseBuilder->insert()
#5 C:\xampp\htdocs\mli-go-main\system\BaseModel.php(782): CodeIgniter\Model->doInsert(Array)
#6 C:\xampp\htdocs\mli-go-main\system\Model.php(730): CodeIgniter\BaseModel->insert(Array, true)
#7 C:\xampp\htdocs\mli-go-main\app\Controllers\ProfileController.php(74): CodeIgniter\Model->insert(Array)
#8 C:\xampp\htdocs\mli-go-main\system\CodeIgniter.php(934): App\Controllers\ProfileController->update()
#9 C:\xampp\htdocs\mli-go-main\system\CodeIgniter.php(499): CodeIgniter\CodeIgniter->runController(Object(App\Controllers\ProfileController))
#10 C:\xampp\htdocs\mli-go-main\system\CodeIgniter.php(368): CodeIgniter\CodeIgniter->handleRequest(NULL, Object(Config\Cache), false)
#11 C:\xampp\htdocs\mli-go-main\public\index.php(67): CodeIgniter\CodeIgniter->run()
#12 C:\xampp\htdocs\mli-go-main\system\Commands\Server\rewrite.php(47): require_once('C:\\xampp\\htdocs...')
#13 {main}
CRITICAL - 2023-06-25 12:01:00 --> Cannot add or update a child row: a foreign key constraint fails (`new`.`profile`, CONSTRAINT `Profile_ibfk_1` FOREIGN KEY (`NoHp`) REFERENCES `login` (`NoHp`))
in SYSTEMPATH\Database\MySQLi\Connection.php on line 295.
 1 SYSTEMPATH\Database\MySQLi\Connection.php(295): mysqli->query('INSERT INTO `Profile` (`Alamat`, `Username`) VALUES (\'PBI\', \'adi3\')', 0)
 2 SYSTEMPATH\Database\BaseConnection.php(692): CodeIgniter\Database\MySQLi\Connection->execute('INSERT INTO `Profile` (`Alamat`, `Username`) VALUES (\'PBI\', \'adi3\')')
 3 SYSTEMPATH\Database\BaseConnection.php(606): CodeIgniter\Database\BaseConnection->simpleQuery('INSERT INTO `Profile` (`Alamat`, `Username`) VALUES (\'PBI\', \'adi3\')')
 4 SYSTEMPATH\Database\BaseBuilder.php(2309): CodeIgniter\Database\BaseConnection->query('INSERT INTO `Profile` (`Alamat`, `Username`) VALUES (:Alamat:, :Username:)', [...], false)
 5 SYSTEMPATH\Model.php(330): CodeIgniter\Database\BaseBuilder->insert()
 6 SYSTEMPATH\BaseModel.php(782): CodeIgniter\Model->doInsert([...])
 7 SYSTEMPATH\Model.php(730): CodeIgniter\BaseModel->insert([...], true)
 8 APPPATH\Controllers\ProfileController.php(74): CodeIgniter\Model->insert([...])
 9 SYSTEMPATH\CodeIgniter.php(934): App\Controllers\ProfileController->update()
10 SYSTEMPATH\CodeIgniter.php(499): CodeIgniter\CodeIgniter->runController(Object(App\Controllers\ProfileController))
11 SYSTEMPATH\CodeIgniter.php(368): CodeIgniter\CodeIgniter->handleRequest(null, Object(Config\Cache), false)
12 FCPATH\index.php(67): CodeIgniter\CodeIgniter->run()
13 SYSTEMPATH\Commands\Server\rewrite.php(47): require_once('C:\\xampp\\htdocs\\mli-go-main\\public\\index.php')
ERROR - 2023-06-25 12:02:51 --> mysqli_sql_exception: Cannot add or update a child row: a foreign key constraint fails (`new`.`profile`, CONSTRAINT `Profile_ibfk_1` FOREIGN KEY (`NoHp`) REFERENCES `login` (`NoHp`)) in C:\xampp\htdocs\mli-go-main\system\Database\MySQLi\Connection.php:295
Stack trace:
#0 C:\xampp\htdocs\mli-go-main\system\Database\MySQLi\Connection.php(295): mysqli->query('INSERT INTO `Pr...', 0)
#1 C:\xampp\htdocs\mli-go-main\system\Database\BaseConnection.php(692): CodeIgniter\Database\MySQLi\Connection->execute('INSERT INTO `Pr...')
#2 C:\xampp\htdocs\mli-go-main\system\Database\BaseConnection.php(606): CodeIgniter\Database\BaseConnection->simpleQuery('INSERT INTO `Pr...')
#3 C:\xampp\htdocs\mli-go-main\system\Database\BaseBuilder.php(2309): CodeIgniter\Database\BaseConnection->query('INSERT INTO `Pr...', Array, false)
#4 C:\xampp\htdocs\mli-go-main\system\Model.php(330): CodeIgniter\Database\BaseBuilder->insert()
#5 C:\xampp\htdocs\mli-go-main\system\BaseModel.php(782): CodeIgniter\Model->doInsert(Array)
#6 C:\xampp\htdocs\mli-go-main\system\Model.php(730): CodeIgniter\BaseModel->insert(Array, true)
#7 C:\xampp\htdocs\mli-go-main\app\Controllers\ProfileController.php(74): CodeIgniter\Model->insert(Array)
#8 C:\xampp\htdocs\mli-go-main\system\CodeIgniter.php(934): App\Controllers\ProfileController->update()
#9 C:\xampp\htdocs\mli-go-main\system\CodeIgniter.php(499): CodeIgniter\CodeIgniter->runController(Object(App\Controllers\ProfileController))
#10 C:\xampp\htdocs\mli-go-main\system\CodeIgniter.php(368): CodeIgniter\CodeIgniter->handleRequest(NULL, Object(Config\Cache), false)
#11 C:\xampp\htdocs\mli-go-main\public\index.php(67): CodeIgniter\CodeIgniter->run()
#12 C:\xampp\htdocs\mli-go-main\system\Commands\Server\rewrite.php(47): require_once('C:\\xampp\\htdocs...')
#13 {main}
CRITICAL - 2023-06-25 12:02:51 --> Cannot add or update a child row: a foreign key constraint fails (`new`.`profile`, CONSTRAINT `Profile_ibfk_1` FOREIGN KEY (`NoHp`) REFERENCES `login` (`NoHp`))
in SYSTEMPATH\Database\MySQLi\Connection.php on line 295.
 1 SYSTEMPATH\Database\MySQLi\Connection.php(295): mysqli->query('INSERT INTO `Profile` (`Alamat`, `Username`) VALUES (\'PBI\', \'adi3\')', 0)
 2 SYSTEMPATH\Database\BaseConnection.php(692): CodeIgniter\Database\MySQLi\Connection->execute('INSERT INTO `Profile` (`Alamat`, `Username`) VALUES (\'PBI\', \'adi3\')')
 3 SYSTEMPATH\Database\BaseConnection.php(606): CodeIgniter\Database\BaseConnection->simpleQuery('INSERT INTO `Profile` (`Alamat`, `Username`) VALUES (\'PBI\', \'adi3\')')
 4 SYSTEMPATH\Database\BaseBuilder.php(2309): CodeIgniter\Database\BaseConnection->query('INSERT INTO `Profile` (`Alamat`, `Username`) VALUES (:Alamat:, :Username:)', [...], false)
 5 SYSTEMPATH\Model.php(330): CodeIgniter\Database\BaseBuilder->insert()
 6 SYSTEMPATH\BaseModel.php(782): CodeIgniter\Model->doInsert([...])
 7 SYSTEMPATH\Model.php(730): CodeIgniter\BaseModel->insert([...], true)
 8 APPPATH\Controllers\ProfileController.php(74): CodeIgniter\Model->insert([...])
 9 SYSTEMPATH\CodeIgniter.php(934): App\Controllers\ProfileController->update()
10 SYSTEMPATH\CodeIgniter.php(499): CodeIgniter\CodeIgniter->runController(Object(App\Controllers\ProfileController))
11 SYSTEMPATH\CodeIgniter.php(368): CodeIgniter\CodeIgniter->handleRequest(null, Object(Config\Cache), false)
12 FCPATH\index.php(67): CodeIgniter\CodeIgniter->run()
13 SYSTEMPATH\Commands\Server\rewrite.php(47): require_once('C:\\xampp\\htdocs\\mli-go-main\\public\\index.php')
CRITICAL - 2023-06-25 12:07:08 --> Undefined variable $profile
in APPPATH\Views\dashboard\profile.php on line 13.
 1 APPPATH\Views\dashboard\profile.php(13): CodeIgniter\Debug\Exceptions->errorHandler(2, 'Undefined variable $profile', 'C:\\xampp\\htdocs\\mli-go-main\\app\\Views\\dashboard\\profile.php', 13)
 2 SYSTEMPATH\View\View.php(213): include('C:\\xampp\\htdocs\\mli-go-main\\app\\Views\\dashboard\\profile.php')
 3 SYSTEMPATH\View\View.php(216): CodeIgniter\View\View->CodeIgniter\View\{closure}()
 4 SYSTEMPATH\Common.php(1184): CodeIgniter\View\View->render('dashboard/profile', [], true)
 5 APPPATH\Controllers\Dashboard.php(43): view('dashboard/profile', [...])
 6 SYSTEMPATH\CodeIgniter.php(934): App\Controllers\Dashboard->profile()
 7 SYSTEMPATH\CodeIgniter.php(499): CodeIgniter\CodeIgniter->runController(Object(App\Controllers\Dashboard))
 8 SYSTEMPATH\CodeIgniter.php(368): CodeIgniter\CodeIgniter->handleRequest(null, Object(Config\Cache), false)
 9 FCPATH\index.php(67): CodeIgniter\CodeIgniter->run()
10 SYSTEMPATH\Commands\Server\rewrite.php(47): require_once('C:\\xampp\\htdocs\\mli-go-main\\public\\index.php')
CRITICAL - 2023-06-25 12:07:25 --> Undefined variable $profile
in APPPATH\Views\dashboard\profile.php on line 13.
 1 APPPATH\Views\dashboard\profile.php(13): CodeIgniter\Debug\Exceptions->errorHandler(2, 'Undefined variable $profile', 'C:\\xampp\\htdocs\\mli-go-main\\app\\Views\\dashboard\\profile.php', 13)
 2 SYSTEMPATH\View\View.php(213): include('C:\\xampp\\htdocs\\mli-go-main\\app\\Views\\dashboard\\profile.php')
 3 SYSTEMPATH\View\View.php(216): CodeIgniter\View\View->CodeIgniter\View\{closure}()
 4 SYSTEMPATH\Common.php(1184): CodeIgniter\View\View->render('dashboard/profile', [], true)
 5 APPPATH\Controllers\Dashboard.php(43): view('dashboard/profile', [...])
 6 SYSTEMPATH\CodeIgniter.php(934): App\Controllers\Dashboard->profile()
 7 SYSTEMPATH\CodeIgniter.php(499): CodeIgniter\CodeIgniter->runController(Object(App\Controllers\Dashboard))
 8 SYSTEMPATH\CodeIgniter.php(368): CodeIgniter\CodeIgniter->handleRequest(null, Object(Config\Cache), false)
 9 FCPATH\index.php(67): CodeIgniter\CodeIgniter->run()
10 SYSTEMPATH\Commands\Server\rewrite.php(47): require_once('C:\\xampp\\htdocs\\mli-go-main\\public\\index.php')
CRITICAL - 2023-06-25 12:11:25 --> Undefined variable $profile
in APPPATH\Views\dashboard\profile.php on line 13.
 1 APPPATH\Views\dashboard\profile.php(13): CodeIgniter\Debug\Exceptions->errorHandler(2, 'Undefined variable $profile', 'C:\\xampp\\htdocs\\mli-go-main\\app\\Views\\dashboard\\profile.php', 13)
 2 SYSTEMPATH\View\View.php(213): include('C:\\xampp\\htdocs\\mli-go-main\\app\\Views\\dashboard\\profile.php')
 3 SYSTEMPATH\View\View.php(216): CodeIgniter\View\View->CodeIgniter\View\{closure}()
 4 SYSTEMPATH\Common.php(1184): CodeIgniter\View\View->render('dashboard/profile', [], true)
 5 APPPATH\Controllers\Dashboard.php(43): view('dashboard/profile', [...])
 6 SYSTEMPATH\CodeIgniter.php(934): App\Controllers\Dashboard->profile()
 7 SYSTEMPATH\CodeIgniter.php(499): CodeIgniter\CodeIgniter->runController(Object(App\Controllers\Dashboard))
 8 SYSTEMPATH\CodeIgniter.php(368): CodeIgniter\CodeIgniter->handleRequest(null, Object(Config\Cache), false)
 9 FCPATH\index.php(67): CodeIgniter\CodeIgniter->run()
10 SYSTEMPATH\Commands\Server\rewrite.php(47): require_once('C:\\xampp\\htdocs\\mli-go-main\\public\\index.php')
CRITICAL - 2023-06-25 12:11:29 --> Undefined variable $profile
in APPPATH\Views\dashboard\profile.php on line 13.
 1 APPPATH\Views\dashboard\profile.php(13): CodeIgniter\Debug\Exceptions->errorHandler(2, 'Undefined variable $profile', 'C:\\xampp\\htdocs\\mli-go-main\\app\\Views\\dashboard\\profile.php', 13)
 2 SYSTEMPATH\View\View.php(213): include('C:\\xampp\\htdocs\\mli-go-main\\app\\Views\\dashboard\\profile.php')
 3 SYSTEMPATH\View\View.php(216): CodeIgniter\View\View->CodeIgniter\View\{closure}()
 4 SYSTEMPATH\Common.php(1184): CodeIgniter\View\View->render('dashboard/profile', [], true)
 5 APPPATH\Controllers\Dashboard.php(43): view('dashboard/profile', [...])
 6 SYSTEMPATH\CodeIgniter.php(934): App\Controllers\Dashboard->profile()
 7 SYSTEMPATH\CodeIgniter.php(499): CodeIgniter\CodeIgniter->runController(Object(App\Controllers\Dashboard))
 8 SYSTEMPATH\CodeIgniter.php(368): CodeIgniter\CodeIgniter->handleRequest(null, Object(Config\Cache), false)
 9 FCPATH\index.php(67): CodeIgniter\CodeIgniter->run()
10 SYSTEMPATH\Commands\Server\rewrite.php(47): require_once('C:\\xampp\\htdocs\\mli-go-main\\public\\index.php')
CRITICAL - 2023-06-25 12:14:04 --> Undefined variable $profile
in APPPATH\Views\dashboard\profile.php on line 13.
 1 APPPATH\Views\dashboard\profile.php(13): CodeIgniter\Debug\Exceptions->errorHandler(2, 'Undefined variable $profile', 'C:\\xampp\\htdocs\\mli-go-main\\app\\Views\\dashboard\\profile.php', 13)
 2 SYSTEMPATH\View\View.php(213): include('C:\\xampp\\htdocs\\mli-go-main\\app\\Views\\dashboard\\profile.php')
 3 SYSTEMPATH\View\View.php(216): CodeIgniter\View\View->CodeIgniter\View\{closure}()
 4 SYSTEMPATH\Common.php(1184): CodeIgniter\View\View->render('dashboard/profile', [], true)
 5 APPPATH\Controllers\Dashboard.php(43): view('dashboard/profile', [...])
 6 SYSTEMPATH\CodeIgniter.php(934): App\Controllers\Dashboard->profile()
 7 SYSTEMPATH\CodeIgniter.php(499): CodeIgniter\CodeIgniter->runController(Object(App\Controllers\Dashboard))
 8 SYSTEMPATH\CodeIgniter.php(368): CodeIgniter\CodeIgniter->handleRequest(null, Object(Config\Cache), false)
 9 FCPATH\index.php(67): CodeIgniter\CodeIgniter->run()
10 SYSTEMPATH\Commands\Server\rewrite.php(47): require_once('C:\\xampp\\htdocs\\mli-go-main\\public\\index.php')
